[0.159s] DEBUG:colcon:Command line arguments: ['/usr/bin/colcon', 'build', '--symlink-install']
[0.160s] DEBUG:colcon:Parsed command line arguments: Namespace(log_base=None, log_level=None, verb_name='build', build_base='build', install_base='install', merge_install=False, symlink_install=True, test_result_base=None, continue_on_error=False, executor='parallel', parallel_workers=12, event_handlers=None, ignore_user_meta=False, metas=['./colcon.meta'], base_paths=['.'], packages_ignore=None, packages_ignore_regex=None, paths=None, packages_up_to=None, packages_up_to_regex=None, packages_above=None, packages_above_and_dependencies=None, packages_above_depth=None, packages_select_by_dep=None, packages_skip_by_dep=None, packages_skip_up_to=None, packages_select_build_failed=False, packages_skip_build_finished=False, packages_select_test_failures=False, packages_skip_test_passed=False, packages_select=None, packages_skip=None, packages_select_regex=None, packages_skip_regex=None, packages_start=None, packages_end=None, allow_overriding=[], cmake_args=None, cmake_target=None, cmake_target_skip_unavailable=False, cmake_clean_cache=False, cmake_clean_first=False, cmake_force_configure=False, ament_cmake_args=None, catkin_cmake_args=None, catkin_skip_building_tests=False, mixin_files=None, mixin=None, verb_parser=<colcon_mixin.mixin.mixin_argument.MixinArgumentDecorator object at 0x7349e455cb80>, verb_extension=<colcon_core.verb.build.BuildVerb object at 0x7349e455c5b0>, main=<bound method BuildVerb.main of <colcon_core.verb.build.BuildVerb object at 0x7349e455c5b0>>, mixin_verb=('build',))
[0.423s] Level 1:colcon.colcon_core.package_discovery:discover_packages(colcon_meta) check parameters
[0.423s] Level 1:colcon.colcon_core.package_discovery:discover_packages(recursive) check parameters
[0.423s] Level 1:colcon.colcon_core.package_discovery:discover_packages(ignore) check parameters
[0.423s] Level 1:colcon.colcon_core.package_discovery:discover_packages(path) check parameters
[0.423s] Level 1:colcon.colcon_core.package_discovery:discover_packages(colcon_meta) discover
[0.423s] Level 1:colcon.colcon_core.package_discovery:discover_packages(recursive) discover
[0.424s] INFO:colcon.colcon_core.package_discovery:Crawling recursively for packages in '/home/rudranil/mowito_ws'
[0.424s] Level 1:colcon.colcon_core.package_identification:_identify(.) by extensions ['ignore', 'ignore_ament_install']
[0.424s] Level 1:colcon.colcon_core.package_identification:_identify(.) by extension 'ignore'
[0.424s] Level 1:colcon.colcon_core.package_identification:_identify(.) by extension 'ignore_ament_install'
[0.424s] Level 1:colcon.colcon_core.package_identification:_identify(.) by extensions ['colcon_pkg']
[0.424s] Level 1:colcon.colcon_core.package_identification:_identify(.) by extension 'colcon_pkg'
[0.424s] Level 1:colcon.colcon_core.package_identification:_identify(.) by extensions ['colcon_meta']
[0.424s] Level 1:colcon.colcon_core.package_identification:_identify(.) by extension 'colcon_meta'
[0.424s] Level 1:colcon.colcon_core.package_identification:_identify(.) by extensions ['ros']
[0.424s] Level 1:colcon.colcon_core.package_identification:_identify(.) by extension 'ros'
[0.465s] Level 1:colcon.colcon_core.package_identification:_identify(.) by extensions ['cmake', 'python']
[0.465s] Level 1:colcon.colcon_core.package_identification:_identify(.) by extension 'cmake'
[0.465s] Level 1:colcon.colcon_core.package_identification:_identify(.) by extension 'python'
[0.465s] Level 1:colcon.colcon_core.package_identification:_identify(.) by extensions ['python_setup_py']
[0.465s] Level 1:colcon.colcon_core.package_identification:_identify(.) by extension 'python_setup_py'
[0.465s] Level 1:colcon.colcon_core.package_identification:_identify(build) by extensions ['ignore', 'ignore_ament_install']
[0.466s] Level 1:colcon.colcon_core.package_identification:_identify(build) by extension 'ignore'
[0.466s] Level 1:colcon.colcon_core.package_identification:_identify(build) ignored
[0.466s] Level 1:colcon.colcon_core.package_identification:_identify(install) by extensions ['ignore', 'ignore_ament_install']
[0.466s] Level 1:colcon.colcon_core.package_identification:_identify(install) by extension 'ignore'
[0.466s] Level 1:colcon.colcon_core.package_identification:_identify(install) ignored
[0.466s] Level 1:colcon.colcon_core.package_identification:_identify(log) by extensions ['ignore', 'ignore_ament_install']
[0.466s] Level 1:colcon.colcon_core.package_identification:_identify(log) by extension 'ignore'
[0.466s] Level 1:colcon.colcon_core.package_identification:_identify(log) ignored
[0.466s] Level 1:colcon.colcon_core.package_identification:_identify(src) by extensions ['ignore', 'ignore_ament_install']
[0.466s] Level 1:colcon.colcon_core.package_identification:_identify(src) by extension 'ignore'
[0.466s] Level 1:colcon.colcon_core.package_identification:_identify(src) by extension 'ignore_ament_install'
[0.467s] Level 1:colcon.colcon_core.package_identification:_identify(src) by extensions ['colcon_pkg']
[0.467s] Level 1:colcon.colcon_core.package_identification:_identify(src) by extension 'colcon_pkg'
[0.467s] Level 1:colcon.colcon_core.package_identification:_identify(src) by extensions ['colcon_meta']
[0.467s] Level 1:colcon.colcon_core.package_identification:_identify(src) by extension 'colcon_meta'
[0.467s] Level 1:colcon.colcon_core.package_identification:_identify(src) by extensions ['ros']
[0.467s] Level 1:colcon.colcon_core.package_identification:_identify(src) by extension 'ros'
[0.467s] Level 1:colcon.colcon_core.package_identification:_identify(src) by extensions ['cmake', 'python']
[0.467s] Level 1:colcon.colcon_core.package_identification:_identify(src) by extension 'cmake'
[0.467s] Level 1:colcon.colcon_core.package_identification:_identify(src) by extension 'python'
[0.467s] Level 1:colcon.colcon_core.package_identification:_identify(src) by extensions ['python_setup_py']
[0.467s] Level 1:colcon.colcon_core.package_identification:_identify(src) by extension 'python_setup_py'
[0.467s] Level 1:colcon.colcon_core.package_identification:_identify(src/image_processing) by extensions ['ignore', 'ignore_ament_install']
[0.467s] Level 1:colcon.colcon_core.package_identification:_identify(src/image_processing) by extension 'ignore'
[0.467s] Level 1:colcon.colcon_core.package_identification:_identify(src/image_processing) by extension 'ignore_ament_install'
[0.467s] Level 1:colcon.colcon_core.package_identification:_identify(src/image_processing) by extensions ['colcon_pkg']
[0.467s] Level 1:colcon.colcon_core.package_identification:_identify(src/image_processing) by extension 'colcon_pkg'
[0.467s] Level 1:colcon.colcon_core.package_identification:_identify(src/image_processing) by extensions ['colcon_meta']
[0.467s] Level 1:colcon.colcon_core.package_identification:_identify(src/image_processing) by extension 'colcon_meta'
[0.467s] Level 1:colcon.colcon_core.package_identification:_identify(src/image_processing) by extensions ['ros']
[0.467s] Level 1:colcon.colcon_core.package_identification:_identify(src/image_processing) by extension 'ros'
[0.471s] DEBUG:colcon.colcon_core.package_identification:Package 'src/image_processing' with type 'ros.ament_cmake' and name 'image_processing'
[0.471s] Level 1:colcon.colcon_core.package_discovery:discover_packages(recursive) using defaults
[0.471s] Level 1:colcon.colcon_core.package_discovery:discover_packages(ignore) discover
[0.471s] Level 1:colcon.colcon_core.package_discovery:discover_packages(ignore) using defaults
[0.471s] Level 1:colcon.colcon_core.package_discovery:discover_packages(path) discover
[0.471s] Level 1:colcon.colcon_core.package_discovery:discover_packages(path) using defaults
[0.498s] Level 1:colcon.colcon_core.package_discovery:discover_packages(prefix_path) check parameters
[0.499s] Level 1:colcon.colcon_core.package_discovery:discover_packages(prefix_path) discover
[0.502s] DEBUG:colcon.colcon_installed_package_information.package_discovery:Found 1 installed packages in /home/rudranil/mowito_ws/install
[0.503s] DEBUG:colcon.colcon_installed_package_information.package_discovery:Found 14 installed packages in /home/rudranil/oddity_rover/install
[0.504s] DEBUG:colcon.colcon_installed_package_information.package_discovery:Found 13 installed packages in /home/rudranil/lb_ws/install
[0.505s] DEBUG:colcon.colcon_installed_package_information.package_discovery:Found 1 installed packages in /home/rudranil/ros2_ws/install
[0.508s] DEBUG:colcon.colcon_installed_package_information.package_discovery:Found 447 installed packages in /opt/ros/humble
[0.512s] Level 1:colcon.colcon_core.package_discovery:discover_packages(prefix_path) using defaults
[0.584s] Level 5:colcon.colcon_core.verb:set package 'image_processing' build argument 'cmake_args' from command line to 'None'
[0.584s] Level 5:colcon.colcon_core.verb:set package 'image_processing' build argument 'cmake_target' from command line to 'None'
[0.584s] Level 5:colcon.colcon_core.verb:set package 'image_processing' build argument 'cmake_target_skip_unavailable' from command line to 'False'
[0.584s] Level 5:colcon.colcon_core.verb:set package 'image_processing' build argument 'cmake_clean_cache' from command line to 'False'
[0.584s] Level 5:colcon.colcon_core.verb:set package 'image_processing' build argument 'cmake_clean_first' from command line to 'False'
[0.584s] Level 5:colcon.colcon_core.verb:set package 'image_processing' build argument 'cmake_force_configure' from command line to 'False'
[0.584s] Level 5:colcon.colcon_core.verb:set package 'image_processing' build argument 'ament_cmake_args' from command line to 'None'
[0.584s] Level 5:colcon.colcon_core.verb:set package 'image_processing' build argument 'catkin_cmake_args' from command line to 'None'
[0.584s] Level 5:colcon.colcon_core.verb:set package 'image_processing' build argument 'catkin_skip_building_tests' from command line to 'False'
[0.584s] DEBUG:colcon.colcon_core.verb:Building package 'image_processing' with the following arguments: {'ament_cmake_args': None, 'build_base': '/home/rudranil/mowito_ws/build/image_processing', 'catkin_cmake_args': None, 'catkin_skip_building_tests': False, 'cmake_args': None, 'cmake_clean_cache': False, 'cmake_clean_first': False, 'cmake_force_configure': False, 'cmake_target': None, 'cmake_target_skip_unavailable': False, 'install_base': '/home/rudranil/mowito_ws/install/image_processing', 'merge_install': False, 'path': '/home/rudranil/mowito_ws/src/image_processing', 'symlink_install': True, 'test_result_base': None}
[0.585s] INFO:colcon.colcon_core.executor:Executing jobs using 'parallel' executor
[0.586s] DEBUG:colcon.colcon_parallel_executor.executor.parallel:run_until_complete
[0.586s] INFO:colcon.colcon_ros.task.ament_cmake.build:Building ROS package in '/home/rudranil/mowito_ws/src/image_processing' with build type 'ament_cmake'
[0.586s] INFO:colcon.colcon_cmake.task.cmake.build:Building CMake package in '/home/rudranil/mowito_ws/src/image_processing'
[0.590s] INFO:colcon.colcon_core.plugin_system:Skipping extension 'colcon_core.shell.bat': Not used on non-Windows systems
[0.590s] INFO:colcon.colcon_core.shell:Skip shell extension 'powershell' for command environment: Not usable outside of PowerShell
[0.590s] DEBUG:colcon.colcon_core.shell:Skip shell extension 'dsv' for command environment
[0.608s] DEBUG:colcon.colcon_core.event_handler.log_command:Invoking command in '/home/rudranil/mowito_ws/build/image_processing': CMAKE_PREFIX_PATH=${CMAKE_PREFIX_PATH}:/home/rudranil/lb_ws/install/ur5_control:/home/rudranil/oddity_rover/install/canopen_utils:/home/rudranil/ros2_ws/install/mini_bot_description:/opt/ros/humble /usr/bin/cmake --build /home/rudranil/mowito_ws/build/image_processing -- -j12 -l12
[2.751s] DEBUG:colcon.colcon_core.event_handler.log_command:Invoked command in '/home/rudranil/mowito_ws/build/image_processing' returned '0': CMAKE_PREFIX_PATH=${CMAKE_PREFIX_PATH}:/home/rudranil/lb_ws/install/ur5_control:/home/rudranil/oddity_rover/install/canopen_utils:/home/rudranil/ros2_ws/install/mini_bot_description:/opt/ros/humble /usr/bin/cmake --build /home/rudranil/mowito_ws/build/image_processing -- -j12 -l12
[2.771s] DEBUG:colcon.colcon_core.event_handler.log_command:Invoking command in '/home/rudranil/mowito_ws/build/image_processing': CMAKE_PREFIX_PATH=${CMAKE_PREFIX_PATH}:/home/rudranil/lb_ws/install/ur5_control:/home/rudranil/oddity_rover/install/canopen_utils:/home/rudranil/ros2_ws/install/mini_bot_description:/opt/ros/humble /usr/bin/cmake --install /home/rudranil/mowito_ws/build/image_processing
[2.922s] Level 1:colcon.colcon_core.environment:create_environment_scripts_only(image_processing)
[2.922s] DEBUG:colcon.colcon_core.event_handler.log_command:Invoked command in '/home/rudranil/mowito_ws/build/image_processing' returned '0': CMAKE_PREFIX_PATH=${CMAKE_PREFIX_PATH}:/home/rudranil/lb_ws/install/ur5_control:/home/rudranil/oddity_rover/install/canopen_utils:/home/rudranil/ros2_ws/install/mini_bot_description:/opt/ros/humble /usr/bin/cmake --install /home/rudranil/mowito_ws/build/image_processing
[2.925s] Level 1:colcon.colcon_core.environment:checking '/home/rudranil/mowito_ws/install/image_processing' for CMake module files
[2.926s] Level 1:colcon.colcon_core.environment:checking '/home/rudranil/mowito_ws/install/image_processing' for CMake config files
[2.927s] Level 1:colcon.colcon_core.shell:create_environment_hook('image_processing', 'cmake_prefix_path')
[2.927s] INFO:colcon.colcon_core.shell:Creating environment hook '/home/rudranil/mowito_ws/install/image_processing/share/image_processing/hook/cmake_prefix_path.ps1'
[2.928s] INFO:colcon.colcon_core.shell:Creating environment descriptor '/home/rudranil/mowito_ws/install/image_processing/share/image_processing/hook/cmake_prefix_path.dsv'
[2.928s] INFO:colcon.colcon_core.shell:Creating environment hook '/home/rudranil/mowito_ws/install/image_processing/share/image_processing/hook/cmake_prefix_path.sh'
[2.929s] Level 1:colcon.colcon_core.environment:checking '/home/rudranil/mowito_ws/install/image_processing/lib'
[2.930s] Level 1:colcon.colcon_core.shell:create_environment_hook('image_processing', 'ld_library_path_lib')
[2.930s] INFO:colcon.colcon_core.shell:Creating environment hook '/home/rudranil/mowito_ws/install/image_processing/share/image_processing/hook/ld_library_path_lib.ps1'
[2.930s] INFO:colcon.colcon_core.shell:Creating environment descriptor '/home/rudranil/mowito_ws/install/image_processing/share/image_processing/hook/ld_library_path_lib.dsv'
[2.931s] INFO:colcon.colcon_core.shell:Creating environment hook '/home/rudranil/mowito_ws/install/image_processing/share/image_processing/hook/ld_library_path_lib.sh'
[2.931s] Level 1:colcon.colcon_core.environment:checking '/home/rudranil/mowito_ws/install/image_processing/bin'
[2.931s] Level 1:colcon.colcon_core.environment:checking '/home/rudranil/mowito_ws/install/image_processing/lib/pkgconfig/image_processing.pc'
[2.931s] Level 1:colcon.colcon_core.environment:checking '/home/rudranil/mowito_ws/install/image_processing/lib/python3.10/site-packages'
[2.932s] Level 1:colcon.colcon_core.environment:checking '/home/rudranil/mowito_ws/install/image_processing/bin'
[2.932s] INFO:colcon.colcon_core.shell:Creating package script '/home/rudranil/mowito_ws/install/image_processing/share/image_processing/package.ps1'
[2.933s] INFO:colcon.colcon_core.shell:Creating package descriptor '/home/rudranil/mowito_ws/install/image_processing/share/image_processing/package.dsv'
[2.934s] INFO:colcon.colcon_core.shell:Creating package script '/home/rudranil/mowito_ws/install/image_processing/share/image_processing/package.sh'
[2.935s] INFO:colcon.colcon_core.shell:Creating package script '/home/rudranil/mowito_ws/install/image_processing/share/image_processing/package.bash'
[2.935s] INFO:colcon.colcon_core.shell:Creating package script '/home/rudranil/mowito_ws/install/image_processing/share/image_processing/package.zsh'
[2.936s] Level 1:colcon.colcon_core.environment:create_file_with_runtime_dependencies(/home/rudranil/mowito_ws/install/image_processing/share/colcon-core/packages/image_processing)
[2.937s] Level 1:colcon.colcon_core.environment:create_environment_scripts_only(image_processing)
[2.937s] Level 1:colcon.colcon_core.environment:checking '/home/rudranil/mowito_ws/install/image_processing' for CMake module files
[2.938s] Level 1:colcon.colcon_core.environment:checking '/home/rudranil/mowito_ws/install/image_processing' for CMake config files
[2.939s] Level 1:colcon.colcon_core.shell:create_environment_hook('image_processing', 'cmake_prefix_path')
[2.939s] INFO:colcon.colcon_core.shell:Creating environment hook '/home/rudranil/mowito_ws/install/image_processing/share/image_processing/hook/cmake_prefix_path.ps1'
[2.940s] INFO:colcon.colcon_core.shell:Creating environment descriptor '/home/rudranil/mowito_ws/install/image_processing/share/image_processing/hook/cmake_prefix_path.dsv'
[2.940s] INFO:colcon.colcon_core.shell:Creating environment hook '/home/rudranil/mowito_ws/install/image_processing/share/image_processing/hook/cmake_prefix_path.sh'
[2.941s] Level 1:colcon.colcon_core.environment:checking '/home/rudranil/mowito_ws/install/image_processing/lib'
[2.941s] Level 1:colcon.colcon_core.shell:create_environment_hook('image_processing', 'ld_library_path_lib')
[2.941s] INFO:colcon.colcon_core.shell:Creating environment hook '/home/rudranil/mowito_ws/install/image_processing/share/image_processing/hook/ld_library_path_lib.ps1'
[2.942s] INFO:colcon.colcon_core.shell:Creating environment descriptor '/home/rudranil/mowito_ws/install/image_processing/share/image_processing/hook/ld_library_path_lib.dsv'
[2.942s] INFO:colcon.colcon_core.shell:Creating environment hook '/home/rudranil/mowito_ws/install/image_processing/share/image_processing/hook/ld_library_path_lib.sh'
[2.943s] Level 1:colcon.colcon_core.environment:checking '/home/rudranil/mowito_ws/install/image_processing/bin'
[2.943s] Level 1:colcon.colcon_core.environment:checking '/home/rudranil/mowito_ws/install/image_processing/lib/pkgconfig/image_processing.pc'
[2.943s] Level 1:colcon.colcon_core.environment:checking '/home/rudranil/mowito_ws/install/image_processing/lib/python3.10/site-packages'
[2.943s] Level 1:colcon.colcon_core.environment:checking '/home/rudranil/mowito_ws/install/image_processing/bin'
[2.943s] INFO:colcon.colcon_core.shell:Creating package script '/home/rudranil/mowito_ws/install/image_processing/share/image_processing/package.ps1'
[2.944s] INFO:colcon.colcon_core.shell:Creating package descriptor '/home/rudranil/mowito_ws/install/image_processing/share/image_processing/package.dsv'
[2.945s] INFO:colcon.colcon_core.shell:Creating package script '/home/rudranil/mowito_ws/install/image_processing/share/image_processing/package.sh'
[2.945s] INFO:colcon.colcon_core.shell:Creating package script '/home/rudranil/mowito_ws/install/image_processing/share/image_processing/package.bash'
[2.946s] INFO:colcon.colcon_core.shell:Creating package script '/home/rudranil/mowito_ws/install/image_processing/share/image_processing/package.zsh'
[2.946s] Level 1:colcon.colcon_core.environment:create_file_with_runtime_dependencies(/home/rudranil/mowito_ws/install/image_processing/share/colcon-core/packages/image_processing)
[2.947s] DEBUG:colcon.colcon_parallel_executor.executor.parallel:closing loop
[2.947s] DEBUG:colcon.colcon_parallel_executor.executor.parallel:loop closed
[2.947s] DEBUG:colcon.colcon_parallel_executor.executor.parallel:run_until_complete finished with '0'
[2.947s] DEBUG:colcon.colcon_core.event_reactor:joining thread
[2.955s] INFO:colcon.colcon_core.plugin_system:Skipping extension 'colcon_notification.desktop_notification.terminal_notifier': Not used on non-Darwin systems
[2.956s] INFO:colcon.colcon_core.plugin_system:Skipping extension 'colcon_notification.desktop_notification.win32': Not used on non-Windows systems
[2.956s] INFO:colcon.colcon_notification.desktop_notification:Sending desktop notification using 'notify2'
[2.971s] DEBUG:colcon.colcon_core.event_reactor:joined thread
[2.971s] INFO:colcon.colcon_core.shell:Creating prefix script '/home/rudranil/mowito_ws/install/local_setup.ps1'
[2.972s] INFO:colcon.colcon_core.shell:Creating prefix util module '/home/rudranil/mowito_ws/install/_local_setup_util_ps1.py'
[2.974s] INFO:colcon.colcon_core.shell:Creating prefix chain script '/home/rudranil/mowito_ws/install/setup.ps1'
[2.977s] INFO:colcon.colcon_core.shell:Creating prefix script '/home/rudranil/mowito_ws/install/local_setup.sh'
[2.978s] INFO:colcon.colcon_core.shell:Creating prefix util module '/home/rudranil/mowito_ws/install/_local_setup_util_sh.py'
[2.979s] INFO:colcon.colcon_core.shell:Creating prefix chain script '/home/rudranil/mowito_ws/install/setup.sh'
[2.982s] INFO:colcon.colcon_core.shell:Creating prefix script '/home/rudranil/mowito_ws/install/local_setup.bash'
[2.982s] INFO:colcon.colcon_core.shell:Creating prefix chain script '/home/rudranil/mowito_ws/install/setup.bash'
[2.985s] INFO:colcon.colcon_core.shell:Creating prefix script '/home/rudranil/mowito_ws/install/local_setup.zsh'
[2.986s] INFO:colcon.colcon_core.shell:Creating prefix chain script '/home/rudranil/mowito_ws/install/setup.zsh'
