[0.018s] Invoking command in '/home/rudranil/mowito_ws/build/image_processing': CMAKE_PREFIX_PATH=${CMAKE_PREFIX_PATH}:/home/rudranil/lb_ws/install/ur5_control:/home/rudranil/oddity_rover/install/canopen_utils:/home/rudranil/ros2_ws/install/mini_bot_description:/opt/ros/humble /usr/bin/cmake --build /home/rudranil/mowito_ws/build/image_processing -- -j12 -l12
[0.053s] -- Found ament_cmake: 1.3.10 (/opt/ros/humble/share/ament_cmake/cmake)
[0.187s] -- Override CMake install command with custom implementation using symlinks instead of copying resources
[0.200s] -- Found rosidl_default_generators: 1.2.0 (/opt/ros/humble/share/rosidl_default_generators/cmake)
[0.205s] -- Using all available rosidl_typesupport_c: rosidl_typesupport_fastrtps_c;rosidl_typesupport_introspection_c
[0.208s] -- Found rosidl_adapter: 3.1.5 (/opt/ros/humble/share/rosidl_adapter/cmake)
[0.245s] -- Using all available rosidl_typesupport_cpp: rosidl_typesupport_fastrtps_cpp;rosidl_typesupport_introspection_cpp
[0.530s] -- Found ament_cmake_ros: 0.10.0 (/opt/ros/humble/share/ament_cmake_ros/cmake)
[0.723s] -- Using all available rosidl_typesupport_c: rosidl_typesupport_fastrtps_c;rosidl_typesupport_introspection_c
[0.977s] -- Using all available rosidl_typesupport_cpp: rosidl_typesupport_fastrtps_cpp;rosidl_typesupport_introspection_cpp
[1.004s] -- Found python_cmake_module: 0.10.0 (/opt/ros/humble/share/python_cmake_module/cmake)
[1.029s] -- Using PYTHON_EXECUTABLE: /usr/bin/python3
[1.029s] -- Using PYTHON_INCLUDE_DIRS: /usr/include/python3.10
[1.029s] -- Using PYTHON_LIBRARIES: /usr/lib/x86_64-linux-gnu/libpython3.10.so
[1.062s] -- Configuring done
[1.095s] -- Generating done
[1.105s] -- Build files have been written to: /home/rudranil/mowito_ws/build/image_processing
[1.139s] [35m[1mConsolidate compiler generated dependencies of target image_processing__rosidl_generator_c[0m
[1.153s] [  3%] Built target image_processing__cpp
[1.156s] [ 12%] Built target image_processing__rosidl_generator_c
[1.165s] [ 12%] Built target ament_cmake_python_symlink_image_processing
[1.169s] [35m[1mConsolidate compiler generated dependencies of target image_processing__rosidl_typesupport_introspection_cpp[0m
[1.171s] [35m[1mConsolidate compiler generated dependencies of target image_processing__rosidl_typesupport_fastrtps_cpp[0m
[1.171s] [35m[1mConsolidate compiler generated dependencies of target image_processing__rosidl_typesupport_fastrtps_c[0m
[1.171s] [35m[1mConsolidate compiler generated dependencies of target image_processing__rosidl_typesupport_cpp[0m
[1.171s] [35m[1mConsolidate compiler generated dependencies of target image_processing__rosidl_typesupport_c[0m
[1.171s] [35m[1mConsolidate compiler generated dependencies of target image_processing__rosidl_typesupport_introspection_c[0m
[1.189s] [ 38%] Built target image_processing__rosidl_typesupport_introspection_cpp
[1.189s] [ 38%] Built target image_processing__rosidl_typesupport_cpp
[1.189s] [ 41%] Built target image_processing__rosidl_typesupport_fastrtps_c
[1.190s] [ 61%] Built target image_processing__rosidl_typesupport_fastrtps_cpp
[1.190s] [ 70%] Built target image_processing__rosidl_typesupport_c
[1.190s] [ 70%] Built target image_processing__rosidl_typesupport_introspection_c
[1.222s] [ 70%] Built target image_processing
[1.253s] [ 74%] Built target image_processing__py
[1.270s] [35m[1mConsolidate compiler generated dependencies of target image_processing__rosidl_generator_py[0m
[1.290s] [ 80%] Built target image_processing__rosidl_generator_py
[1.307s] [35m[1mConsolidate compiler generated dependencies of target image_processing__rosidl_typesupport_introspection_c__pyext[0m
[1.309s] [35m[1mConsolidate compiler generated dependencies of target image_processing__rosidl_typesupport_c__pyext[0m
[1.309s] [35m[1mConsolidate compiler generated dependencies of target image_processing__rosidl_typesupport_fastrtps_c__pyext[0m
[1.327s] [ 87%] Built target image_processing__rosidl_typesupport_introspection_c__pyext
[1.328s] [100%] Built target image_processing__rosidl_typesupport_fastrtps_c__pyext
[1.328s] [100%] Built target image_processing__rosidl_typesupport_c__pyext
[1.443s] running egg_info
[1.443s] writing image_processing.egg-info/PKG-INFO
[1.444s] writing dependency_links to image_processing.egg-info/dependency_links.txt
[1.444s] writing top-level names to image_processing.egg-info/top_level.txt
[1.445s] reading manifest file 'image_processing.egg-info/SOURCES.txt'
[1.455s] writing manifest file 'image_processing.egg-info/SOURCES.txt'
[1.490s] [100%] Built target ament_cmake_python_build_image_processing_egg
[1.507s] Invoked command in '/home/rudranil/mowito_ws/build/image_processing' returned '0': CMAKE_PREFIX_PATH=${CMAKE_PREFIX_PATH}:/home/rudranil/lb_ws/install/ur5_control:/home/rudranil/oddity_rover/install/canopen_utils:/home/rudranil/ros2_ws/install/mini_bot_description:/opt/ros/humble /usr/bin/cmake --build /home/rudranil/mowito_ws/build/image_processing -- -j12 -l12
[1.522s] Invoking command in '/home/rudranil/mowito_ws/build/image_processing': CMAKE_PREFIX_PATH=${CMAKE_PREFIX_PATH}:/home/rudranil/lb_ws/install/ur5_control:/home/rudranil/oddity_rover/install/canopen_utils:/home/rudranil/ros2_ws/install/mini_bot_description:/opt/ros/humble /usr/bin/cmake --install /home/rudranil/mowito_ws/build/image_processing
[1.533s] -- Install configuration: ""
[1.533s] -- Execute custom install script
[1.533s] -- Up-to-date symlink: /home/rudranil/mowito_ws/install/image_processing/share/ament_index/resource_index/rosidl_interfaces/image_processing
[1.534s] -- Up-to-date symlink: /home/rudranil/mowito_ws/install/image_processing/include/image_processing/image_processing/msg/rosidl_generator_c__visibility_control.h
[1.534s] -- Up-to-date symlink: /home/rudranil/mowito_ws/install/image_processing/include/image_processing/image_processing/srv/conversion.h
[1.534s] -- Up-to-date symlink: /home/rudranil/mowito_ws/install/image_processing/include/image_processing/image_processing/srv/detail/conversion__functions.h
[1.534s] -- Up-to-date symlink: /home/rudranil/mowito_ws/install/image_processing/include/image_processing/image_processing/srv/detail/conversion__struct.h
[1.534s] -- Up-to-date symlink: /home/rudranil/mowito_ws/install/image_processing/include/image_processing/image_processing/srv/detail/conversion__type_support.h
[1.534s] -- Up-to-date symlink: /home/rudranil/mowito_ws/install/image_processing/share/image_processing/environment/library_path.sh
[1.534s] -- Up-to-date symlink: /home/rudranil/mowito_ws/install/image_processing/share/image_processing/environment/library_path.dsv
[1.535s] -- Up-to-date symlink: /home/rudranil/mowito_ws/install/image_processing/include/image_processing/image_processing/msg/rosidl_typesupport_fastrtps_c__visibility_control.h
[1.535s] -- Up-to-date symlink: /home/rudranil/mowito_ws/install/image_processing/include/image_processing/image_processing/srv/detail/conversion__rosidl_typesupport_fastrtps_c.h
[1.535s] -- Up-to-date symlink: /home/rudranil/mowito_ws/install/image_processing/include/image_processing/image_processing/msg/rosidl_typesupport_introspection_c__visibility_control.h
[1.535s] -- Up-to-date symlink: /home/rudranil/mowito_ws/install/image_processing/include/image_processing/image_processing/srv/detail/conversion__rosidl_typesupport_introspection_c.h
[1.536s] -- Up-to-date symlink: /home/rudranil/mowito_ws/install/image_processing/include/image_processing/image_processing/srv/conversion.hpp
[1.536s] -- Up-to-date symlink: /home/rudranil/mowito_ws/install/image_processing/include/image_processing/image_processing/srv/detail/conversion__builder.hpp
[1.536s] -- Up-to-date symlink: /home/rudranil/mowito_ws/install/image_processing/include/image_processing/image_processing/srv/detail/conversion__struct.hpp
[1.536s] -- Up-to-date symlink: /home/rudranil/mowito_ws/install/image_processing/include/image_processing/image_processing/srv/detail/conversion__traits.hpp
[1.536s] -- Up-to-date symlink: /home/rudranil/mowito_ws/install/image_processing/include/image_processing/image_processing/msg/rosidl_typesupport_fastrtps_cpp__visibility_control.h
[1.536s] -- Up-to-date symlink: /home/rudranil/mowito_ws/install/image_processing/include/image_processing/image_processing/srv/detail/conversion__rosidl_typesupport_fastrtps_cpp.hpp
[1.537s] -- Up-to-date symlink: /home/rudranil/mowito_ws/install/image_processing/include/image_processing/image_processing/srv/detail/conversion__rosidl_typesupport_introspection_cpp.hpp
[1.537s] -- Up-to-date symlink: /home/rudranil/mowito_ws/install/image_processing/share/image_processing/environment/pythonpath.sh
[1.537s] -- Up-to-date symlink: /home/rudranil/mowito_ws/install/image_processing/share/image_processing/environment/pythonpath.dsv
[1.537s] -- Up-to-date symlink: /home/rudranil/mowito_ws/install/image_processing/local/lib/python3.10/dist-packages/image_processing-0.0.0-py3.10.egg-info/PKG-INFO
[1.537s] -- Up-to-date symlink: /home/rudranil/mowito_ws/install/image_processing/local/lib/python3.10/dist-packages/image_processing-0.0.0-py3.10.egg-info/SOURCES.txt
[1.537s] -- Up-to-date symlink: /home/rudranil/mowito_ws/install/image_processing/local/lib/python3.10/dist-packages/image_processing-0.0.0-py3.10.egg-info/dependency_links.txt
[1.538s] -- Up-to-date symlink: /home/rudranil/mowito_ws/install/image_processing/local/lib/python3.10/dist-packages/image_processing-0.0.0-py3.10.egg-info/top_level.txt
[1.538s] -- Up-to-date symlink: /home/rudranil/mowito_ws/install/image_processing/local/lib/python3.10/dist-packages/image_processing/__init__.py
[1.538s] -- Up-to-date symlink: /home/rudranil/mowito_ws/install/image_processing/local/lib/python3.10/dist-packages/image_processing/_image_processing_s.ep.rosidl_typesupport_c.c
[1.538s] -- Up-to-date symlink: /home/rudranil/mowito_ws/install/image_processing/local/lib/python3.10/dist-packages/image_processing/_image_processing_s.ep.rosidl_typesupport_fastrtps_c.c
[1.538s] -- Up-to-date symlink: /home/rudranil/mowito_ws/install/image_processing/local/lib/python3.10/dist-packages/image_processing/_image_processing_s.ep.rosidl_typesupport_introspection_c.c
[1.538s] -- Up-to-date symlink: /home/rudranil/mowito_ws/install/image_processing/local/lib/python3.10/dist-packages/image_processing/image_processing_s__rosidl_typesupport_c.cpython-310-x86_64-linux-gnu.so
[1.539s] -- Up-to-date symlink: /home/rudranil/mowito_ws/install/image_processing/local/lib/python3.10/dist-packages/image_processing/image_processing_s__rosidl_typesupport_fastrtps_c.cpython-310-x86_64-linux-gnu.so
[1.539s] -- Up-to-date symlink: /home/rudranil/mowito_ws/install/image_processing/local/lib/python3.10/dist-packages/image_processing/image_processing_s__rosidl_typesupport_introspection_c.cpython-310-x86_64-linux-gnu.so
[1.539s] -- Up-to-date symlink: /home/rudranil/mowito_ws/install/image_processing/local/lib/python3.10/dist-packages/image_processing/libimage_processing__rosidl_generator_py.so
[1.539s] -- Up-to-date symlink: /home/rudranil/mowito_ws/install/image_processing/local/lib/python3.10/dist-packages/image_processing/srv/__init__.py
[1.539s] -- Up-to-date symlink: /home/rudranil/mowito_ws/install/image_processing/local/lib/python3.10/dist-packages/image_processing/srv/_conversion.py
[1.539s] -- Up-to-date symlink: /home/rudranil/mowito_ws/install/image_processing/local/lib/python3.10/dist-packages/image_processing/srv/_conversion_s.c
[1.539s] -- Up-to-date symlink: /home/rudranil/mowito_ws/install/image_processing/local/lib/python3.10/dist-packages/image_processing/image_processing_s__rosidl_typesupport_fastrtps_c.cpython-310-x86_64-linux-gnu.so
[1.540s] -- Up-to-date symlink: /home/rudranil/mowito_ws/install/image_processing/local/lib/python3.10/dist-packages/image_processing/image_processing_s__rosidl_typesupport_introspection_c.cpython-310-x86_64-linux-gnu.so
[1.540s] -- Up-to-date symlink: /home/rudranil/mowito_ws/install/image_processing/local/lib/python3.10/dist-packages/image_processing/image_processing_s__rosidl_typesupport_c.cpython-310-x86_64-linux-gnu.so
[1.540s] -- Up-to-date symlink: /home/rudranil/mowito_ws/install/image_processing/share/image_processing/srv/Conversion.idl
[1.540s] -- Up-to-date symlink: /home/rudranil/mowito_ws/install/image_processing/share/image_processing/srv/Conversion.srv
[1.540s] -- Up-to-date symlink: /home/rudranil/mowito_ws/install/image_processing/share/image_processing/srv/Conversion_Request.msg
[1.540s] -- Up-to-date symlink: /home/rudranil/mowito_ws/install/image_processing/share/image_processing/srv/Conversion_Response.msg
[1.541s] -- Up-to-date symlink: /home/rudranil/mowito_ws/install/image_processing/share/image_processing//srv/Conversion.srv
[1.541s] -- Up-to-date symlink: /home/rudranil/mowito_ws/install/image_processing/lib/image_processing/image_conversion.py
[1.541s] -- Symlinking: /home/rudranil/mowito_ws/install/image_processing/share/image_processing/launch/image_processing.launch.py
[1.554s] -- Up-to-date symlink: /home/rudranil/mowito_ws/install/image_processing/share/ament_index/resource_index/package_run_dependencies/image_processing
[1.554s] -- Up-to-date symlink: /home/rudranil/mowito_ws/install/image_processing/share/ament_index/resource_index/parent_prefix_path/image_processing
[1.554s] -- Up-to-date symlink: /home/rudranil/mowito_ws/install/image_processing/share/image_processing/environment/ament_prefix_path.sh
[1.555s] -- Up-to-date symlink: /home/rudranil/mowito_ws/install/image_processing/share/image_processing/environment/ament_prefix_path.dsv
[1.555s] -- Up-to-date symlink: /home/rudranil/mowito_ws/install/image_processing/share/image_processing/environment/path.sh
[1.555s] -- Up-to-date symlink: /home/rudranil/mowito_ws/install/image_processing/share/image_processing/environment/path.dsv
[1.555s] -- Up-to-date symlink: /home/rudranil/mowito_ws/install/image_processing/share/image_processing/local_setup.bash
[1.555s] -- Up-to-date symlink: /home/rudranil/mowito_ws/install/image_processing/share/image_processing/local_setup.sh
[1.555s] -- Up-to-date symlink: /home/rudranil/mowito_ws/install/image_processing/share/image_processing/local_setup.zsh
[1.556s] -- Up-to-date symlink: /home/rudranil/mowito_ws/install/image_processing/share/image_processing/local_setup.dsv
[1.556s] -- Symlinking: /home/rudranil/mowito_ws/install/image_processing/share/image_processing/package.dsv
[1.569s] -- Up-to-date symlink: /home/rudranil/mowito_ws/install/image_processing/share/ament_index/resource_index/packages/image_processing
[1.569s] -- Up-to-date symlink: /home/rudranil/mowito_ws/install/image_processing/share/image_processing/cmake/rosidl_cmake-extras.cmake
[1.569s] -- Up-to-date symlink: /home/rudranil/mowito_ws/install/image_processing/share/image_processing/cmake/ament_cmake_export_include_directories-extras.cmake
[1.570s] -- Up-to-date symlink: /home/rudranil/mowito_ws/install/image_processing/share/image_processing/cmake/ament_cmake_export_libraries-extras.cmake
[1.570s] -- Up-to-date symlink: /home/rudranil/mowito_ws/install/image_processing/share/image_processing/cmake/ament_cmake_export_targets-extras.cmake
[1.570s] -- Up-to-date symlink: /home/rudranil/mowito_ws/install/image_processing/share/image_processing/cmake/rosidl_cmake_export_typesupport_targets-extras.cmake
[1.570s] -- Up-to-date symlink: /home/rudranil/mowito_ws/install/image_processing/share/image_processing/cmake/ament_cmake_export_dependencies-extras.cmake
[1.570s] -- Up-to-date symlink: /home/rudranil/mowito_ws/install/image_processing/share/image_processing/cmake/rosidl_cmake_export_typesupport_libraries-extras.cmake
[1.570s] -- Up-to-date symlink: /home/rudranil/mowito_ws/install/image_processing/share/image_processing/cmake/image_processingConfig.cmake
[1.571s] -- Up-to-date symlink: /home/rudranil/mowito_ws/install/image_processing/share/image_processing/cmake/image_processingConfig-version.cmake
[1.571s] -- Up-to-date symlink: /home/rudranil/mowito_ws/install/image_processing/share/image_processing/package.xml
[1.571s] -- Up-to-date: /home/rudranil/mowito_ws/install/image_processing/lib/libimage_processing__rosidl_generator_c.so
[1.571s] -- Up-to-date: /home/rudranil/mowito_ws/install/image_processing/lib/libimage_processing__rosidl_typesupport_fastrtps_c.so
[1.572s] -- Up-to-date: /home/rudranil/mowito_ws/install/image_processing/lib/libimage_processing__rosidl_typesupport_introspection_c.so
[1.572s] -- Up-to-date: /home/rudranil/mowito_ws/install/image_processing/lib/libimage_processing__rosidl_typesupport_c.so
[1.572s] -- Up-to-date: /home/rudranil/mowito_ws/install/image_processing/lib/libimage_processing__rosidl_typesupport_fastrtps_cpp.so
[1.572s] -- Up-to-date: /home/rudranil/mowito_ws/install/image_processing/lib/libimage_processing__rosidl_typesupport_introspection_cpp.so
[1.573s] -- Up-to-date: /home/rudranil/mowito_ws/install/image_processing/lib/libimage_processing__rosidl_typesupport_cpp.so
[1.619s] Listing '/home/rudranil/mowito_ws/install/image_processing/local/lib/python3.10/dist-packages/image_processing'...
[1.619s] Compiling '/home/rudranil/mowito_ws/install/image_processing/local/lib/python3.10/dist-packages/image_processing/__init__.py'...
[1.619s] Listing '/home/rudranil/mowito_ws/install/image_processing/local/lib/python3.10/dist-packages/image_processing/srv'...
[1.623s] -- Up-to-date: /home/rudranil/mowito_ws/install/image_processing/lib/libimage_processing__rosidl_generator_py.so
[1.624s] -- Up-to-date: /home/rudranil/mowito_ws/install/image_processing/share/image_processing/cmake/export_image_processing__rosidl_generator_cExport.cmake
[1.624s] -- Up-to-date: /home/rudranil/mowito_ws/install/image_processing/share/image_processing/cmake/export_image_processing__rosidl_generator_cExport-noconfig.cmake
[1.624s] -- Up-to-date: /home/rudranil/mowito_ws/install/image_processing/share/image_processing/cmake/export_image_processing__rosidl_typesupport_fastrtps_cExport.cmake
[1.624s] -- Up-to-date: /home/rudranil/mowito_ws/install/image_processing/share/image_processing/cmake/export_image_processing__rosidl_typesupport_fastrtps_cExport-noconfig.cmake
[1.624s] -- Up-to-date: /home/rudranil/mowito_ws/install/image_processing/share/image_processing/cmake/image_processing__rosidl_typesupport_introspection_cExport.cmake
[1.624s] -- Up-to-date: /home/rudranil/mowito_ws/install/image_processing/share/image_processing/cmake/image_processing__rosidl_typesupport_introspection_cExport-noconfig.cmake
[1.624s] -- Up-to-date: /home/rudranil/mowito_ws/install/image_processing/share/image_processing/cmake/image_processing__rosidl_typesupport_cExport.cmake
[1.625s] -- Up-to-date: /home/rudranil/mowito_ws/install/image_processing/share/image_processing/cmake/image_processing__rosidl_typesupport_cExport-noconfig.cmake
[1.625s] -- Up-to-date: /home/rudranil/mowito_ws/install/image_processing/share/image_processing/cmake/export_image_processing__rosidl_generator_cppExport.cmake
[1.625s] -- Up-to-date: /home/rudranil/mowito_ws/install/image_processing/share/image_processing/cmake/export_image_processing__rosidl_typesupport_fastrtps_cppExport.cmake
[1.625s] -- Up-to-date: /home/rudranil/mowito_ws/install/image_processing/share/image_processing/cmake/export_image_processing__rosidl_typesupport_fastrtps_cppExport-noconfig.cmake
[1.625s] -- Up-to-date: /home/rudranil/mowito_ws/install/image_processing/share/image_processing/cmake/image_processing__rosidl_typesupport_introspection_cppExport.cmake
[1.625s] -- Up-to-date: /home/rudranil/mowito_ws/install/image_processing/share/image_processing/cmake/image_processing__rosidl_typesupport_introspection_cppExport-noconfig.cmake
[1.625s] -- Up-to-date: /home/rudranil/mowito_ws/install/image_processing/share/image_processing/cmake/image_processing__rosidl_typesupport_cppExport.cmake
[1.625s] -- Up-to-date: /home/rudranil/mowito_ws/install/image_processing/share/image_processing/cmake/image_processing__rosidl_typesupport_cppExport-noconfig.cmake
[1.625s] -- Up-to-date: /home/rudranil/mowito_ws/install/image_processing/share/image_processing/cmake/export_image_processing__rosidl_generator_pyExport.cmake
[1.625s] -- Up-to-date: /home/rudranil/mowito_ws/install/image_processing/share/image_processing/cmake/export_image_processing__rosidl_generator_pyExport-noconfig.cmake
[1.629s] Invoked command in '/home/rudranil/mowito_ws/build/image_processing' returned '0': CMAKE_PREFIX_PATH=${CMAKE_PREFIX_PATH}:/home/rudranil/lb_ws/install/ur5_control:/home/rudranil/oddity_rover/install/canopen_utils:/home/rudranil/ros2_ws/install/mini_bot_description:/opt/ros/humble /usr/bin/cmake --install /home/rudranil/mowito_ws/build/image_processing
