[0.024s] Invoking command in '/home/rudranil/mowito_ws/build/image_processing': CMAKE_PREFIX_PATH=${CMAKE_PREFIX_PATH}:/home/rudranil/lb_ws/install/ur5_control:/home/rudranil/oddity_rover/install/canopen_utils:/home/rudranil/ros2_ws/install/mini_bot_description:/opt/ros/humble /usr/bin/cmake --build /home/rudranil/mowito_ws/build/image_processing -- -j12 -l12
[0.079s] -- Found ament_cmake: 1.3.10 (/opt/ros/humble/share/ament_cmake/cmake)
[0.286s] -- Override CMake install command with custom implementation using symlinks instead of copying resources
[0.305s] -- Found rosidl_default_generators: 1.2.0 (/opt/ros/humble/share/rosidl_default_generators/cmake)
[0.313s] -- Using all available rosidl_typesupport_c: rosidl_typesupport_fastrtps_c;rosidl_typesupport_introspection_c
[0.318s] -- Found rosidl_adapter: 3.1.5 (/opt/ros/humble/share/rosidl_adapter/cmake)
[0.388s] -- Using all available rosidl_typesupport_cpp: rosidl_typesupport_fastrtps_cpp;rosidl_typesupport_introspection_cpp
[0.840s] -- Found ament_cmake_ros: 0.10.0 (/opt/ros/humble/share/ament_cmake_ros/cmake)
[1.132s] -- Using all available rosidl_typesupport_c: rosidl_typesupport_fastrtps_c;rosidl_typesupport_introspection_c
[1.495s] -- Using all available rosidl_typesupport_cpp: rosidl_typesupport_fastrtps_cpp;rosidl_typesupport_introspection_cpp
[1.531s] -- Found python_cmake_module: 0.10.0 (/opt/ros/humble/share/python_cmake_module/cmake)
[1.569s] -- Using PYTHON_EXECUTABLE: /usr/bin/python3
[1.569s] -- Using PYTHON_INCLUDE_DIRS: /usr/include/python3.10
[1.569s] -- Using PYTHON_LIBRARIES: /usr/lib/x86_64-linux-gnu/libpython3.10.so
[1.614s] -- Configuring done
[1.658s] -- Generating done
[1.675s] -- Build files have been written to: /home/rudranil/mowito_ws/build/image_processing
[1.721s] [35m[1mConsolidate compiler generated dependencies of target image_processing__rosidl_generator_c[0m
[1.742s] [  3%] Built target image_processing__cpp
[1.743s] [ 12%] Built target image_processing__rosidl_generator_c
[1.758s] [ 12%] Built target ament_cmake_python_symlink_image_processing
[1.764s] [35m[1mConsolidate compiler generated dependencies of target image_processing__rosidl_typesupport_cpp[0m
[1.764s] [35m[1mConsolidate compiler generated dependencies of target image_processing__rosidl_typesupport_introspection_cpp[0m
[1.764s] [35m[1mConsolidate compiler generated dependencies of target image_processing__rosidl_typesupport_fastrtps_cpp[0m
[1.780s] [35m[1mConsolidate compiler generated dependencies of target image_processing__rosidl_typesupport_fastrtps_c[0m
[1.783s] [35m[1mConsolidate compiler generated dependencies of target image_processing__rosidl_typesupport_c[0m
[1.783s] [35m[1mConsolidate compiler generated dependencies of target image_processing__rosidl_typesupport_introspection_c[0m
[1.790s] [ 22%] Built target image_processing__rosidl_typesupport_cpp
[1.790s] [ 32%] Built target image_processing__rosidl_typesupport_fastrtps_cpp
[1.795s] [ 41%] Built target image_processing__rosidl_typesupport_introspection_cpp
[1.806s] [ 70%] Built target image_processing__rosidl_typesupport_c
[1.807s] [ 70%] Built target image_processing__rosidl_typesupport_introspection_c
[1.807s] [ 70%] Built target image_processing__rosidl_typesupport_fastrtps_c
[1.850s] [ 70%] Built target image_processing
[1.893s] [ 74%] Built target image_processing__py
[1.916s] [35m[1mConsolidate compiler generated dependencies of target image_processing__rosidl_generator_py[0m
[1.945s] [ 80%] Built target image_processing__rosidl_generator_py
[1.967s] [35m[1mConsolidate compiler generated dependencies of target image_processing__rosidl_typesupport_introspection_c__pyext[0m
[1.968s] [35m[1mConsolidate compiler generated dependencies of target image_processing__rosidl_typesupport_c__pyext[0m
[1.968s] [35m[1mConsolidate compiler generated dependencies of target image_processing__rosidl_typesupport_fastrtps_c__pyext[0m
[1.993s] [100%] Built target image_processing__rosidl_typesupport_introspection_c__pyext
[1.993s] [100%] Built target image_processing__rosidl_typesupport_c__pyext
[1.993s] [100%] Built target image_processing__rosidl_typesupport_fastrtps_c__pyext
[2.143s] running egg_info
[2.144s] writing image_processing.egg-info/PKG-INFO
[2.144s] writing dependency_links to image_processing.egg-info/dependency_links.txt
[2.144s] writing top-level names to image_processing.egg-info/top_level.txt
[2.147s] reading manifest file 'image_processing.egg-info/SOURCES.txt'
[2.148s] writing manifest file 'image_processing.egg-info/SOURCES.txt'
[2.191s] [100%] Built target ament_cmake_python_build_image_processing_egg
[2.216s] Invoked command in '/home/rudranil/mowito_ws/build/image_processing' returned '0': CMAKE_PREFIX_PATH=${CMAKE_PREFIX_PATH}:/home/rudranil/lb_ws/install/ur5_control:/home/rudranil/oddity_rover/install/canopen_utils:/home/rudranil/ros2_ws/install/mini_bot_description:/opt/ros/humble /usr/bin/cmake --build /home/rudranil/mowito_ws/build/image_processing -- -j12 -l12
[2.234s] Invoking command in '/home/rudranil/mowito_ws/build/image_processing': CMAKE_PREFIX_PATH=${CMAKE_PREFIX_PATH}:/home/rudranil/lb_ws/install/ur5_control:/home/rudranil/oddity_rover/install/canopen_utils:/home/rudranil/ros2_ws/install/mini_bot_description:/opt/ros/humble /usr/bin/cmake --install /home/rudranil/mowito_ws/build/image_processing
[2.249s] -- Install configuration: ""
[2.249s] -- Execute custom install script
[2.250s] -- Up-to-date symlink: /home/rudranil/mowito_ws/install/image_processing/share/ament_index/resource_index/rosidl_interfaces/image_processing
[2.250s] -- Up-to-date symlink: /home/rudranil/mowito_ws/install/image_processing/include/image_processing/image_processing/msg/rosidl_generator_c__visibility_control.h
[2.251s] -- Up-to-date symlink: /home/rudranil/mowito_ws/install/image_processing/include/image_processing/image_processing/srv/conversion.h
[2.251s] -- Up-to-date symlink: /home/rudranil/mowito_ws/install/image_processing/include/image_processing/image_processing/srv/detail/conversion__functions.h
[2.251s] -- Up-to-date symlink: /home/rudranil/mowito_ws/install/image_processing/include/image_processing/image_processing/srv/detail/conversion__struct.h
[2.251s] -- Up-to-date symlink: /home/rudranil/mowito_ws/install/image_processing/include/image_processing/image_processing/srv/detail/conversion__type_support.h
[2.251s] -- Up-to-date symlink: /home/rudranil/mowito_ws/install/image_processing/share/image_processing/environment/library_path.sh
[2.251s] -- Up-to-date symlink: /home/rudranil/mowito_ws/install/image_processing/share/image_processing/environment/library_path.dsv
[2.252s] -- Up-to-date symlink: /home/rudranil/mowito_ws/install/image_processing/include/image_processing/image_processing/msg/rosidl_typesupport_fastrtps_c__visibility_control.h
[2.252s] -- Up-to-date symlink: /home/rudranil/mowito_ws/install/image_processing/include/image_processing/image_processing/srv/detail/conversion__rosidl_typesupport_fastrtps_c.h
[2.253s] -- Up-to-date symlink: /home/rudranil/mowito_ws/install/image_processing/include/image_processing/image_processing/msg/rosidl_typesupport_introspection_c__visibility_control.h
[2.253s] -- Up-to-date symlink: /home/rudranil/mowito_ws/install/image_processing/include/image_processing/image_processing/srv/detail/conversion__rosidl_typesupport_introspection_c.h
[2.253s] -- Up-to-date symlink: /home/rudranil/mowito_ws/install/image_processing/include/image_processing/image_processing/srv/conversion.hpp
[2.253s] -- Up-to-date symlink: /home/rudranil/mowito_ws/install/image_processing/include/image_processing/image_processing/srv/detail/conversion__builder.hpp
[2.253s] -- Up-to-date symlink: /home/rudranil/mowito_ws/install/image_processing/include/image_processing/image_processing/srv/detail/conversion__struct.hpp
[2.254s] -- Up-to-date symlink: /home/rudranil/mowito_ws/install/image_processing/include/image_processing/image_processing/srv/detail/conversion__traits.hpp
[2.254s] -- Up-to-date symlink: /home/rudranil/mowito_ws/install/image_processing/include/image_processing/image_processing/msg/rosidl_typesupport_fastrtps_cpp__visibility_control.h
[2.254s] -- Up-to-date symlink: /home/rudranil/mowito_ws/install/image_processing/include/image_processing/image_processing/srv/detail/conversion__rosidl_typesupport_fastrtps_cpp.hpp
[2.255s] -- Up-to-date symlink: /home/rudranil/mowito_ws/install/image_processing/include/image_processing/image_processing/srv/detail/conversion__rosidl_typesupport_introspection_cpp.hpp
[2.255s] -- Up-to-date symlink: /home/rudranil/mowito_ws/install/image_processing/share/image_processing/environment/pythonpath.sh
[2.255s] -- Up-to-date symlink: /home/rudranil/mowito_ws/install/image_processing/share/image_processing/environment/pythonpath.dsv
[2.256s] -- Up-to-date symlink: /home/rudranil/mowito_ws/install/image_processing/local/lib/python3.10/dist-packages/image_processing-0.0.0-py3.10.egg-info/PKG-INFO
[2.256s] -- Up-to-date symlink: /home/rudranil/mowito_ws/install/image_processing/local/lib/python3.10/dist-packages/image_processing-0.0.0-py3.10.egg-info/SOURCES.txt
[2.256s] -- Up-to-date symlink: /home/rudranil/mowito_ws/install/image_processing/local/lib/python3.10/dist-packages/image_processing-0.0.0-py3.10.egg-info/dependency_links.txt
[2.256s] -- Up-to-date symlink: /home/rudranil/mowito_ws/install/image_processing/local/lib/python3.10/dist-packages/image_processing-0.0.0-py3.10.egg-info/top_level.txt
[2.257s] -- Up-to-date symlink: /home/rudranil/mowito_ws/install/image_processing/local/lib/python3.10/dist-packages/image_processing/__init__.py
[2.257s] -- Up-to-date symlink: /home/rudranil/mowito_ws/install/image_processing/local/lib/python3.10/dist-packages/image_processing/_image_processing_s.ep.rosidl_typesupport_c.c
[2.257s] -- Up-to-date symlink: /home/rudranil/mowito_ws/install/image_processing/local/lib/python3.10/dist-packages/image_processing/_image_processing_s.ep.rosidl_typesupport_fastrtps_c.c
[2.258s] -- Up-to-date symlink: /home/rudranil/mowito_ws/install/image_processing/local/lib/python3.10/dist-packages/image_processing/_image_processing_s.ep.rosidl_typesupport_introspection_c.c
[2.258s] -- Up-to-date symlink: /home/rudranil/mowito_ws/install/image_processing/local/lib/python3.10/dist-packages/image_processing/image_processing_s__rosidl_typesupport_c.cpython-310-x86_64-linux-gnu.so
[2.258s] -- Up-to-date symlink: /home/rudranil/mowito_ws/install/image_processing/local/lib/python3.10/dist-packages/image_processing/image_processing_s__rosidl_typesupport_fastrtps_c.cpython-310-x86_64-linux-gnu.so
[2.258s] -- Up-to-date symlink: /home/rudranil/mowito_ws/install/image_processing/local/lib/python3.10/dist-packages/image_processing/image_processing_s__rosidl_typesupport_introspection_c.cpython-310-x86_64-linux-gnu.so
[2.258s] -- Up-to-date symlink: /home/rudranil/mowito_ws/install/image_processing/local/lib/python3.10/dist-packages/image_processing/libimage_processing__rosidl_generator_py.so
[2.258s] -- Up-to-date symlink: /home/rudranil/mowito_ws/install/image_processing/local/lib/python3.10/dist-packages/image_processing/srv/__init__.py
[2.259s] -- Up-to-date symlink: /home/rudranil/mowito_ws/install/image_processing/local/lib/python3.10/dist-packages/image_processing/srv/_conversion.py
[2.259s] -- Up-to-date symlink: /home/rudranil/mowito_ws/install/image_processing/local/lib/python3.10/dist-packages/image_processing/srv/_conversion_s.c
[2.259s] -- Up-to-date symlink: /home/rudranil/mowito_ws/install/image_processing/local/lib/python3.10/dist-packages/image_processing/image_processing_s__rosidl_typesupport_fastrtps_c.cpython-310-x86_64-linux-gnu.so
[2.259s] -- Up-to-date symlink: /home/rudranil/mowito_ws/install/image_processing/local/lib/python3.10/dist-packages/image_processing/image_processing_s__rosidl_typesupport_introspection_c.cpython-310-x86_64-linux-gnu.so
[2.260s] -- Up-to-date symlink: /home/rudranil/mowito_ws/install/image_processing/local/lib/python3.10/dist-packages/image_processing/image_processing_s__rosidl_typesupport_c.cpython-310-x86_64-linux-gnu.so
[2.260s] -- Up-to-date symlink: /home/rudranil/mowito_ws/install/image_processing/share/image_processing/srv/Conversion.idl
[2.260s] -- Up-to-date symlink: /home/rudranil/mowito_ws/install/image_processing/share/image_processing/srv/Conversion.srv
[2.260s] -- Up-to-date symlink: /home/rudranil/mowito_ws/install/image_processing/share/image_processing/srv/Conversion_Request.msg
[2.261s] -- Up-to-date symlink: /home/rudranil/mowito_ws/install/image_processing/share/image_processing/srv/Conversion_Response.msg
[2.261s] -- Symlinking: /home/rudranil/mowito_ws/install/image_processing/lib/image_processing/image_conversion.py
[2.279s] -- Up-to-date symlink: /home/rudranil/mowito_ws/install/image_processing/share/ament_index/resource_index/package_run_dependencies/image_processing
[2.279s] -- Up-to-date symlink: /home/rudranil/mowito_ws/install/image_processing/share/ament_index/resource_index/parent_prefix_path/image_processing
[2.280s] -- Up-to-date symlink: /home/rudranil/mowito_ws/install/image_processing/share/image_processing/environment/ament_prefix_path.sh
[2.280s] -- Up-to-date symlink: /home/rudranil/mowito_ws/install/image_processing/share/image_processing/environment/ament_prefix_path.dsv
[2.280s] -- Up-to-date symlink: /home/rudranil/mowito_ws/install/image_processing/share/image_processing/environment/path.sh
[2.280s] -- Up-to-date symlink: /home/rudranil/mowito_ws/install/image_processing/share/image_processing/environment/path.dsv
[2.281s] -- Up-to-date symlink: /home/rudranil/mowito_ws/install/image_processing/share/image_processing/local_setup.bash
[2.281s] -- Up-to-date symlink: /home/rudranil/mowito_ws/install/image_processing/share/image_processing/local_setup.sh
[2.281s] -- Up-to-date symlink: /home/rudranil/mowito_ws/install/image_processing/share/image_processing/local_setup.zsh
[2.281s] -- Up-to-date symlink: /home/rudranil/mowito_ws/install/image_processing/share/image_processing/local_setup.dsv
[2.281s] -- Symlinking: /home/rudranil/mowito_ws/install/image_processing/share/image_processing/package.dsv
[2.299s] -- Up-to-date symlink: /home/rudranil/mowito_ws/install/image_processing/share/ament_index/resource_index/packages/image_processing
[2.299s] -- Up-to-date symlink: /home/rudranil/mowito_ws/install/image_processing/share/image_processing/cmake/rosidl_cmake-extras.cmake
[2.299s] -- Up-to-date symlink: /home/rudranil/mowito_ws/install/image_processing/share/image_processing/cmake/ament_cmake_export_include_directories-extras.cmake
[2.300s] -- Up-to-date symlink: /home/rudranil/mowito_ws/install/image_processing/share/image_processing/cmake/ament_cmake_export_libraries-extras.cmake
[2.300s] -- Up-to-date symlink: /home/rudranil/mowito_ws/install/image_processing/share/image_processing/cmake/ament_cmake_export_targets-extras.cmake
[2.300s] -- Up-to-date symlink: /home/rudranil/mowito_ws/install/image_processing/share/image_processing/cmake/rosidl_cmake_export_typesupport_targets-extras.cmake
[2.300s] -- Up-to-date symlink: /home/rudranil/mowito_ws/install/image_processing/share/image_processing/cmake/ament_cmake_export_dependencies-extras.cmake
[2.301s] -- Up-to-date symlink: /home/rudranil/mowito_ws/install/image_processing/share/image_processing/cmake/rosidl_cmake_export_typesupport_libraries-extras.cmake
[2.301s] -- Up-to-date symlink: /home/rudranil/mowito_ws/install/image_processing/share/image_processing/cmake/image_processingConfig.cmake
[2.301s] -- Up-to-date symlink: /home/rudranil/mowito_ws/install/image_processing/share/image_processing/cmake/image_processingConfig-version.cmake
[2.301s] -- Up-to-date symlink: /home/rudranil/mowito_ws/install/image_processing/share/image_processing/package.xml
[2.301s] -- Up-to-date: /home/rudranil/mowito_ws/install/image_processing/lib/libimage_processing__rosidl_generator_c.so
[2.302s] -- Up-to-date: /home/rudranil/mowito_ws/install/image_processing/lib/libimage_processing__rosidl_typesupport_fastrtps_c.so
[2.302s] -- Up-to-date: /home/rudranil/mowito_ws/install/image_processing/lib/libimage_processing__rosidl_typesupport_introspection_c.so
[2.303s] -- Up-to-date: /home/rudranil/mowito_ws/install/image_processing/lib/libimage_processing__rosidl_typesupport_c.so
[2.303s] -- Up-to-date: /home/rudranil/mowito_ws/install/image_processing/lib/libimage_processing__rosidl_typesupport_fastrtps_cpp.so
[2.304s] -- Up-to-date: /home/rudranil/mowito_ws/install/image_processing/lib/libimage_processing__rosidl_typesupport_introspection_cpp.so
[2.304s] -- Up-to-date: /home/rudranil/mowito_ws/install/image_processing/lib/libimage_processing__rosidl_typesupport_cpp.so
[2.366s] Listing '/home/rudranil/mowito_ws/install/image_processing/local/lib/python3.10/dist-packages/image_processing'...
[2.366s] Compiling '/home/rudranil/mowito_ws/install/image_processing/local/lib/python3.10/dist-packages/image_processing/__init__.py'...
[2.366s] Listing '/home/rudranil/mowito_ws/install/image_processing/local/lib/python3.10/dist-packages/image_processing/srv'...
[2.373s] -- Up-to-date: /home/rudranil/mowito_ws/install/image_processing/lib/libimage_processing__rosidl_generator_py.so
[2.373s] -- Up-to-date: /home/rudranil/mowito_ws/install/image_processing/share/image_processing/cmake/export_image_processing__rosidl_generator_cExport.cmake
[2.374s] -- Up-to-date: /home/rudranil/mowito_ws/install/image_processing/share/image_processing/cmake/export_image_processing__rosidl_generator_cExport-noconfig.cmake
[2.374s] -- Up-to-date: /home/rudranil/mowito_ws/install/image_processing/share/image_processing/cmake/export_image_processing__rosidl_typesupport_fastrtps_cExport.cmake
[2.374s] -- Up-to-date: /home/rudranil/mowito_ws/install/image_processing/share/image_processing/cmake/export_image_processing__rosidl_typesupport_fastrtps_cExport-noconfig.cmake
[2.374s] -- Up-to-date: /home/rudranil/mowito_ws/install/image_processing/share/image_processing/cmake/image_processing__rosidl_typesupport_introspection_cExport.cmake
[2.375s] -- Up-to-date: /home/rudranil/mowito_ws/install/image_processing/share/image_processing/cmake/image_processing__rosidl_typesupport_introspection_cExport-noconfig.cmake
[2.375s] -- Up-to-date: /home/rudranil/mowito_ws/install/image_processing/share/image_processing/cmake/image_processing__rosidl_typesupport_cExport.cmake
[2.375s] -- Up-to-date: /home/rudranil/mowito_ws/install/image_processing/share/image_processing/cmake/image_processing__rosidl_typesupport_cExport-noconfig.cmake
[2.375s] -- Up-to-date: /home/rudranil/mowito_ws/install/image_processing/share/image_processing/cmake/export_image_processing__rosidl_generator_cppExport.cmake
[2.375s] -- Up-to-date: /home/rudranil/mowito_ws/install/image_processing/share/image_processing/cmake/export_image_processing__rosidl_typesupport_fastrtps_cppExport.cmake
[2.376s] -- Up-to-date: /home/rudranil/mowito_ws/install/image_processing/share/image_processing/cmake/export_image_processing__rosidl_typesupport_fastrtps_cppExport-noconfig.cmake
[2.376s] -- Up-to-date: /home/rudranil/mowito_ws/install/image_processing/share/image_processing/cmake/image_processing__rosidl_typesupport_introspection_cppExport.cmake
[2.376s] -- Up-to-date: /home/rudranil/mowito_ws/install/image_processing/share/image_processing/cmake/image_processing__rosidl_typesupport_introspection_cppExport-noconfig.cmake
[2.376s] -- Up-to-date: /home/rudranil/mowito_ws/install/image_processing/share/image_processing/cmake/image_processing__rosidl_typesupport_cppExport.cmake
[2.376s] -- Up-to-date: /home/rudranil/mowito_ws/install/image_processing/share/image_processing/cmake/image_processing__rosidl_typesupport_cppExport-noconfig.cmake
[2.376s] -- Up-to-date: /home/rudranil/mowito_ws/install/image_processing/share/image_processing/cmake/export_image_processing__rosidl_generator_pyExport.cmake
[2.376s] -- Up-to-date: /home/rudranil/mowito_ws/install/image_processing/share/image_processing/cmake/export_image_processing__rosidl_generator_pyExport-noconfig.cmake
[2.378s] Invoked command in '/home/rudranil/mowito_ws/build/image_processing' returned '0': CMAKE_PREFIX_PATH=${CMAKE_PREFIX_PATH}:/home/rudranil/lb_ws/install/ur5_control:/home/rudranil/oddity_rover/install/canopen_utils:/home/rudranil/ros2_ws/install/mini_bot_description:/opt/ros/humble /usr/bin/cmake --install /home/rudranil/mowito_ws/build/image_processing
