-- The C compiler identification is GNU 11.4.0
-- The CXX compiler identification is GNU 11.4.0
-- Detecting C compiler ABI info
-- Detecting C compiler ABI info - done
-- Check for working C compiler: /usr/bin/cc - skipped
-- Detecting C compile features
-- Detecting C compile features - done
-- Detecting CXX compiler ABI info
-- Detecting CXX compiler ABI info - done
-- Check for working CXX compiler: /usr/bin/c++ - skipped
-- Detecting CXX compile features
-- Detecting CXX compile features - done
-- Found ament_cmake: 1.3.10 (/opt/ros/humble/share/ament_cmake/cmake)
-- Found Python3: /usr/bin/python3 (found version "3.10.12") found components: Interpreter 
-- Override CMake install command with custom implementation using symlinks instead of copying resources
-- Found rosidl_default_generators: 1.2.0 (/opt/ros/humble/share/rosidl_default_generators/cmake)
-- Using all available rosidl_typesupport_c: rosidl_typesupport_fastrtps_c;rosidl_typesupport_introspection_c
-- Found rosidl_adapter: 3.1.5 (/opt/ros/humble/share/rosidl_adapter/cmake)
-- Using all available rosidl_typesupport_cpp: rosidl_typesupport_fastrtps_cpp;rosidl_typesupport_introspection_cpp
-- Found ament_cmake_ros: 0.10.0 (/opt/ros/humble/share/ament_cmake_ros/cmake)
-- Using all available rosidl_typesupport_c: rosidl_typesupport_fastrtps_c;rosidl_typesupport_introspection_c
-- Using all available rosidl_typesupport_cpp: rosidl_typesupport_fastrtps_cpp;rosidl_typesupport_introspection_cpp
-- Found PythonInterp: /usr/bin/python3 (found suitable version "3.10.12", minimum required is "3.6") 
-- Found python_cmake_module: 0.10.0 (/opt/ros/humble/share/python_cmake_module/cmake)
-- Found PythonLibs: /usr/lib/x86_64-linux-gnu/libpython3.10.so (found suitable version "3.10.12", minimum required is "3.5") 
-- Using PYTHON_EXECUTABLE: /usr/bin/python3
-- Using PYTHON_INCLUDE_DIRS: /usr/include/python3.10
-- Using PYTHON_LIBRARIES: /usr/lib/x86_64-linux-gnu/libpython3.10.so
-- Found PythonExtra: .so  
-- Configuring done
-- Generating done
-- Build files have been written to: /home/rudranil/mowito_ws/build/image_processing
[  3%] [34m[1mGenerating C code for ROS interfaces[0m
[  6%] [34m[1mGenerating C++ code for ROS interfaces[0m
[  6%] Built target ament_cmake_python_symlink_image_processing
[  6%] Built target image_processing__cpp
[ 19%] [34m[1mGenerating C++ type support for eProsima Fast-RTPS[0m
[ 19%] [32mBuilding C object CMakeFiles/image_processing__rosidl_generator_c.dir/rosidl_generator_c/image_processing/srv/detail/conversion__functions.c.o[0m
[ 19%] [34m[1mGenerating C++ introspection for ROS interfaces[0m
[ 19%] [34m[1mGenerating C++ type support dispatch for ROS interfaces[0m
running egg_info
creating image_processing.egg-info
writing image_processing.egg-info/PKG-INFO
writing dependency_links to image_processing.egg-info/dependency_links.txt
writing top-level names to image_processing.egg-info/top_level.txt
writing manifest file 'image_processing.egg-info/SOURCES.txt'
reading manifest file 'image_processing.egg-info/SOURCES.txt'
writing manifest file 'image_processing.egg-info/SOURCES.txt'
[ 22%] Built target ament_cmake_python_build_image_processing_egg
[ 22%] [32m[1mLinking C shared library libimage_processing__rosidl_generator_c.so[0m
[ 22%] Built target image_processing__rosidl_generator_c
[ 29%] [34m[1mGenerating C type support dispatch for ROS interfaces[0m
[ 29%] [34m[1mGenerating C type support for eProsima Fast-RTPS[0m
[ 32%] [34m[1mGenerating C introspection for ROS interfaces[0m
[ 35%] [32mBuilding CXX object CMakeFiles/image_processing__rosidl_typesupport_introspection_cpp.dir/rosidl_typesupport_introspection_cpp/image_processing/srv/detail/conversion__type_support.cpp.o[0m
[ 38%] [32mBuilding CXX object CMakeFiles/image_processing__rosidl_typesupport_cpp.dir/rosidl_typesupport_cpp/image_processing/srv/conversion__type_support.cpp.o[0m
[ 41%] [32mBuilding CXX object CMakeFiles/image_processing__rosidl_typesupport_fastrtps_cpp.dir/rosidl_typesupport_fastrtps_cpp/image_processing/srv/detail/dds_fastrtps/conversion__type_support.cpp.o[0m
[ 45%] [32mBuilding CXX object CMakeFiles/image_processing__rosidl_typesupport_c.dir/rosidl_typesupport_c/image_processing/srv/conversion__type_support.cpp.o[0m
[ 48%] [32m[1mLinking CXX shared library libimage_processing__rosidl_typesupport_c.so[0m
[ 54%] [32mBuilding C object CMakeFiles/image_processing__rosidl_typesupport_introspection_c.dir/rosidl_typesupport_introspection_c/image_processing/srv/detail/conversion__type_support.c.o[0m
[ 54%] [32mBuilding CXX object CMakeFiles/image_processing__rosidl_typesupport_fastrtps_c.dir/rosidl_typesupport_fastrtps_c/image_processing/srv/detail/conversion__type_support_c.cpp.o[0m
[ 58%] [32m[1mLinking C shared library libimage_processing__rosidl_typesupport_introspection_c.so[0m
[ 58%] Built target image_processing__rosidl_typesupport_c
[ 58%] Built target image_processing__rosidl_typesupport_introspection_c
[ 61%] [32m[1mLinking CXX shared library libimage_processing__rosidl_typesupport_cpp.so[0m
[ 61%] Built target image_processing__rosidl_typesupport_cpp
[ 64%] [32m[1mLinking CXX shared library libimage_processing__rosidl_typesupport_introspection_cpp.so[0m
[ 67%] [32m[1mLinking CXX shared library libimage_processing__rosidl_typesupport_fastrtps_cpp.so[0m
[ 67%] Built target image_processing__rosidl_typesupport_introspection_cpp
[ 70%] [32m[1mLinking CXX shared library libimage_processing__rosidl_typesupport_fastrtps_c.so[0m
[ 70%] Built target image_processing__rosidl_typesupport_fastrtps_cpp
[ 70%] Built target image_processing__rosidl_typesupport_fastrtps_c
[ 70%] Built target image_processing
[ 74%] [34m[1mGenerating Python code for ROS interfaces[0m
[ 74%] Built target image_processing__py
[ 77%] [32mBuilding C object CMakeFiles/image_processing__rosidl_generator_py.dir/rosidl_generator_py/image_processing/srv/_conversion_s.c.o[0m
[ 80%] [32m[1mLinking C shared library rosidl_generator_py/image_processing/libimage_processing__rosidl_generator_py.so[0m
[ 80%] Built target image_processing__rosidl_generator_py
[ 90%] [32mBuilding C object CMakeFiles/image_processing__rosidl_typesupport_introspection_c__pyext.dir/rosidl_generator_py/image_processing/_image_processing_s.ep.rosidl_typesupport_introspection_c.c.o[0m
[ 90%] [32mBuilding C object CMakeFiles/image_processing__rosidl_typesupport_fastrtps_c__pyext.dir/rosidl_generator_py/image_processing/_image_processing_s.ep.rosidl_typesupport_fastrtps_c.c.o[0m
[ 90%] [32mBuilding C object CMakeFiles/image_processing__rosidl_typesupport_c__pyext.dir/rosidl_generator_py/image_processing/_image_processing_s.ep.rosidl_typesupport_c.c.o[0m
[ 93%] [32m[1mLinking C shared library rosidl_generator_py/image_processing/image_processing_s__rosidl_typesupport_c.cpython-310-x86_64-linux-gnu.so[0m
[100%] [32m[1mLinking C shared library rosidl_generator_py/image_processing/image_processing_s__rosidl_typesupport_fastrtps_c.cpython-310-x86_64-linux-gnu.so[0m
[100%] [32m[1mLinking C shared library rosidl_generator_py/image_processing/image_processing_s__rosidl_typesupport_introspection_c.cpython-310-x86_64-linux-gnu.so[0m
[100%] Built target image_processing__rosidl_typesupport_c__pyext
[100%] Built target image_processing__rosidl_typesupport_introspection_c__pyext
[100%] Built target image_processing__rosidl_typesupport_fastrtps_c__pyext
-- Install configuration: ""
-- Execute custom install script
-- Symlinking: /home/rudranil/mowito_ws/install/image_processing/share/ament_index/resource_index/rosidl_interfaces/image_processing
-- Symlinking: /home/rudranil/mowito_ws/install/image_processing/include/image_processing/image_processing/msg/rosidl_generator_c__visibility_control.h
-- Symlinking: /home/rudranil/mowito_ws/install/image_processing/include/image_processing/image_processing/srv/conversion.h
-- Symlinking: /home/rudranil/mowito_ws/install/image_processing/include/image_processing/image_processing/srv/detail/conversion__functions.h
-- Symlinking: /home/rudranil/mowito_ws/install/image_processing/include/image_processing/image_processing/srv/detail/conversion__struct.h
-- Symlinking: /home/rudranil/mowito_ws/install/image_processing/include/image_processing/image_processing/srv/detail/conversion__type_support.h
-- Symlinking: /home/rudranil/mowito_ws/install/image_processing/share/image_processing/environment/library_path.sh
-- Symlinking: /home/rudranil/mowito_ws/install/image_processing/share/image_processing/environment/library_path.dsv
-- Symlinking: /home/rudranil/mowito_ws/install/image_processing/include/image_processing/image_processing/msg/rosidl_typesupport_fastrtps_c__visibility_control.h
-- Symlinking: /home/rudranil/mowito_ws/install/image_processing/include/image_processing/image_processing/srv/detail/conversion__rosidl_typesupport_fastrtps_c.h
-- Symlinking: /home/rudranil/mowito_ws/install/image_processing/include/image_processing/image_processing/msg/rosidl_typesupport_introspection_c__visibility_control.h
-- Symlinking: /home/rudranil/mowito_ws/install/image_processing/include/image_processing/image_processing/srv/detail/conversion__rosidl_typesupport_introspection_c.h
-- Symlinking: /home/rudranil/mowito_ws/install/image_processing/include/image_processing/image_processing/srv/conversion.hpp
-- Symlinking: /home/rudranil/mowito_ws/install/image_processing/include/image_processing/image_processing/srv/detail/conversion__builder.hpp
-- Symlinking: /home/rudranil/mowito_ws/install/image_processing/include/image_processing/image_processing/srv/detail/conversion__struct.hpp
-- Symlinking: /home/rudranil/mowito_ws/install/image_processing/include/image_processing/image_processing/srv/detail/conversion__traits.hpp
-- Symlinking: /home/rudranil/mowito_ws/install/image_processing/include/image_processing/image_processing/msg/rosidl_typesupport_fastrtps_cpp__visibility_control.h
-- Symlinking: /home/rudranil/mowito_ws/install/image_processing/include/image_processing/image_processing/srv/detail/conversion__rosidl_typesupport_fastrtps_cpp.hpp
-- Symlinking: /home/rudranil/mowito_ws/install/image_processing/include/image_processing/image_processing/srv/detail/conversion__rosidl_typesupport_introspection_cpp.hpp
-- Symlinking: /home/rudranil/mowito_ws/install/image_processing/share/image_processing/environment/pythonpath.sh
-- Symlinking: /home/rudranil/mowito_ws/install/image_processing/share/image_processing/environment/pythonpath.dsv
-- Symlinking: /home/rudranil/mowito_ws/install/image_processing/local/lib/python3.10/dist-packages/image_processing-0.0.0-py3.10.egg-info/PKG-INFO
-- Symlinking: /home/rudranil/mowito_ws/install/image_processing/local/lib/python3.10/dist-packages/image_processing-0.0.0-py3.10.egg-info/SOURCES.txt
-- Symlinking: /home/rudranil/mowito_ws/install/image_processing/local/lib/python3.10/dist-packages/image_processing-0.0.0-py3.10.egg-info/dependency_links.txt
-- Symlinking: /home/rudranil/mowito_ws/install/image_processing/local/lib/python3.10/dist-packages/image_processing-0.0.0-py3.10.egg-info/top_level.txt
-- Symlinking: /home/rudranil/mowito_ws/install/image_processing/local/lib/python3.10/dist-packages/image_processing/__init__.py
-- Symlinking: /home/rudranil/mowito_ws/install/image_processing/local/lib/python3.10/dist-packages/image_processing/_image_processing_s.ep.rosidl_typesupport_c.c
-- Symlinking: /home/rudranil/mowito_ws/install/image_processing/local/lib/python3.10/dist-packages/image_processing/_image_processing_s.ep.rosidl_typesupport_fastrtps_c.c
-- Symlinking: /home/rudranil/mowito_ws/install/image_processing/local/lib/python3.10/dist-packages/image_processing/_image_processing_s.ep.rosidl_typesupport_introspection_c.c
-- Symlinking: /home/rudranil/mowito_ws/install/image_processing/local/lib/python3.10/dist-packages/image_processing/image_processing_s__rosidl_typesupport_c.cpython-310-x86_64-linux-gnu.so
-- Symlinking: /home/rudranil/mowito_ws/install/image_processing/local/lib/python3.10/dist-packages/image_processing/image_processing_s__rosidl_typesupport_fastrtps_c.cpython-310-x86_64-linux-gnu.so
-- Symlinking: /home/rudranil/mowito_ws/install/image_processing/local/lib/python3.10/dist-packages/image_processing/image_processing_s__rosidl_typesupport_introspection_c.cpython-310-x86_64-linux-gnu.so
-- Symlinking: /home/rudranil/mowito_ws/install/image_processing/local/lib/python3.10/dist-packages/image_processing/libimage_processing__rosidl_generator_py.so
-- Symlinking: /home/rudranil/mowito_ws/install/image_processing/local/lib/python3.10/dist-packages/image_processing/srv/__init__.py
-- Symlinking: /home/rudranil/mowito_ws/install/image_processing/local/lib/python3.10/dist-packages/image_processing/srv/_conversion.py
-- Symlinking: /home/rudranil/mowito_ws/install/image_processing/local/lib/python3.10/dist-packages/image_processing/srv/_conversion_s.c
-- Up-to-date symlink: /home/rudranil/mowito_ws/install/image_processing/local/lib/python3.10/dist-packages/image_processing/image_processing_s__rosidl_typesupport_fastrtps_c.cpython-310-x86_64-linux-gnu.so
-- Up-to-date symlink: /home/rudranil/mowito_ws/install/image_processing/local/lib/python3.10/dist-packages/image_processing/image_processing_s__rosidl_typesupport_introspection_c.cpython-310-x86_64-linux-gnu.so
-- Up-to-date symlink: /home/rudranil/mowito_ws/install/image_processing/local/lib/python3.10/dist-packages/image_processing/image_processing_s__rosidl_typesupport_c.cpython-310-x86_64-linux-gnu.so
-- Symlinking: /home/rudranil/mowito_ws/install/image_processing/share/image_processing/srv/Conversion.idl
-- Symlinking: /home/rudranil/mowito_ws/install/image_processing/share/image_processing/srv/Conversion.srv
-- Symlinking: /home/rudranil/mowito_ws/install/image_processing/share/image_processing/srv/Conversion_Request.msg
-- Symlinking: /home/rudranil/mowito_ws/install/image_processing/share/image_processing/srv/Conversion_Response.msg
-- Symlinking: /home/rudranil/mowito_ws/install/image_processing/share/ament_index/resource_index/package_run_dependencies/image_processing
-- Symlinking: /home/rudranil/mowito_ws/install/image_processing/share/ament_index/resource_index/parent_prefix_path/image_processing
-- Symlinking: /home/rudranil/mowito_ws/install/image_processing/share/image_processing/environment/ament_prefix_path.sh
-- Symlinking: /home/rudranil/mowito_ws/install/image_processing/share/image_processing/environment/ament_prefix_path.dsv
-- Symlinking: /home/rudranil/mowito_ws/install/image_processing/share/image_processing/environment/path.sh
-- Symlinking: /home/rudranil/mowito_ws/install/image_processing/share/image_processing/environment/path.dsv
-- Symlinking: /home/rudranil/mowito_ws/install/image_processing/share/image_processing/local_setup.bash
-- Symlinking: /home/rudranil/mowito_ws/install/image_processing/share/image_processing/local_setup.sh
-- Symlinking: /home/rudranil/mowito_ws/install/image_processing/share/image_processing/local_setup.zsh
-- Symlinking: /home/rudranil/mowito_ws/install/image_processing/share/image_processing/local_setup.dsv
-- Symlinking: /home/rudranil/mowito_ws/install/image_processing/share/image_processing/package.dsv
-- Symlinking: /home/rudranil/mowito_ws/install/image_processing/share/ament_index/resource_index/packages/image_processing
-- Symlinking: /home/rudranil/mowito_ws/install/image_processing/share/image_processing/cmake/rosidl_cmake-extras.cmake
-- Symlinking: /home/rudranil/mowito_ws/install/image_processing/share/image_processing/cmake/ament_cmake_export_include_directories-extras.cmake
-- Symlinking: /home/rudranil/mowito_ws/install/image_processing/share/image_processing/cmake/ament_cmake_export_libraries-extras.cmake
-- Symlinking: /home/rudranil/mowito_ws/install/image_processing/share/image_processing/cmake/ament_cmake_export_targets-extras.cmake
-- Symlinking: /home/rudranil/mowito_ws/install/image_processing/share/image_processing/cmake/rosidl_cmake_export_typesupport_targets-extras.cmake
-- Symlinking: /home/rudranil/mowito_ws/install/image_processing/share/image_processing/cmake/ament_cmake_export_dependencies-extras.cmake
-- Symlinking: /home/rudranil/mowito_ws/install/image_processing/share/image_processing/cmake/rosidl_cmake_export_typesupport_libraries-extras.cmake
-- Symlinking: /home/rudranil/mowito_ws/install/image_processing/share/image_processing/cmake/image_processingConfig.cmake
-- Symlinking: /home/rudranil/mowito_ws/install/image_processing/share/image_processing/cmake/image_processingConfig-version.cmake
-- Symlinking: /home/rudranil/mowito_ws/install/image_processing/share/image_processing/package.xml
-- Installing: /home/rudranil/mowito_ws/install/image_processing/lib/libimage_processing__rosidl_generator_c.so
-- Set runtime path of "/home/rudranil/mowito_ws/install/image_processing/lib/libimage_processing__rosidl_generator_c.so" to ""
-- Installing: /home/rudranil/mowito_ws/install/image_processing/lib/libimage_processing__rosidl_typesupport_fastrtps_c.so
-- Set runtime path of "/home/rudranil/mowito_ws/install/image_processing/lib/libimage_processing__rosidl_typesupport_fastrtps_c.so" to ""
-- Installing: /home/rudranil/mowito_ws/install/image_processing/lib/libimage_processing__rosidl_typesupport_introspection_c.so
-- Set runtime path of "/home/rudranil/mowito_ws/install/image_processing/lib/libimage_processing__rosidl_typesupport_introspection_c.so" to ""
-- Installing: /home/rudranil/mowito_ws/install/image_processing/lib/libimage_processing__rosidl_typesupport_c.so
-- Set runtime path of "/home/rudranil/mowito_ws/install/image_processing/lib/libimage_processing__rosidl_typesupport_c.so" to ""
-- Installing: /home/rudranil/mowito_ws/install/image_processing/lib/libimage_processing__rosidl_typesupport_fastrtps_cpp.so
-- Set runtime path of "/home/rudranil/mowito_ws/install/image_processing/lib/libimage_processing__rosidl_typesupport_fastrtps_cpp.so" to ""
-- Installing: /home/rudranil/mowito_ws/install/image_processing/lib/libimage_processing__rosidl_typesupport_introspection_cpp.so
-- Set runtime path of "/home/rudranil/mowito_ws/install/image_processing/lib/libimage_processing__rosidl_typesupport_introspection_cpp.so" to ""
-- Installing: /home/rudranil/mowito_ws/install/image_processing/lib/libimage_processing__rosidl_typesupport_cpp.so
-- Set runtime path of "/home/rudranil/mowito_ws/install/image_processing/lib/libimage_processing__rosidl_typesupport_cpp.so" to ""
Listing '/home/rudranil/mowito_ws/install/image_processing/local/lib/python3.10/dist-packages/image_processing'...
Compiling '/home/rudranil/mowito_ws/install/image_processing/local/lib/python3.10/dist-packages/image_processing/__init__.py'...
Listing '/home/rudranil/mowito_ws/install/image_processing/local/lib/python3.10/dist-packages/image_processing/srv'...
Compiling '/home/rudranil/mowito_ws/install/image_processing/local/lib/python3.10/dist-packages/image_processing/srv/__init__.py'...
Compiling '/home/rudranil/mowito_ws/install/image_processing/local/lib/python3.10/dist-packages/image_processing/srv/_conversion.py'...
-- Installing: /home/rudranil/mowito_ws/install/image_processing/lib/libimage_processing__rosidl_generator_py.so
-- Set runtime path of "/home/rudranil/mowito_ws/install/image_processing/lib/libimage_processing__rosidl_generator_py.so" to ""
-- Installing: /home/rudranil/mowito_ws/install/image_processing/share/image_processing/cmake/export_image_processing__rosidl_generator_cExport.cmake
-- Installing: /home/rudranil/mowito_ws/install/image_processing/share/image_processing/cmake/export_image_processing__rosidl_generator_cExport-noconfig.cmake
-- Installing: /home/rudranil/mowito_ws/install/image_processing/share/image_processing/cmake/export_image_processing__rosidl_typesupport_fastrtps_cExport.cmake
-- Installing: /home/rudranil/mowito_ws/install/image_processing/share/image_processing/cmake/export_image_processing__rosidl_typesupport_fastrtps_cExport-noconfig.cmake
-- Installing: /home/rudranil/mowito_ws/install/image_processing/share/image_processing/cmake/image_processing__rosidl_typesupport_introspection_cExport.cmake
-- Installing: /home/rudranil/mowito_ws/install/image_processing/share/image_processing/cmake/image_processing__rosidl_typesupport_introspection_cExport-noconfig.cmake
-- Installing: /home/rudranil/mowito_ws/install/image_processing/share/image_processing/cmake/image_processing__rosidl_typesupport_cExport.cmake
-- Installing: /home/rudranil/mowito_ws/install/image_processing/share/image_processing/cmake/image_processing__rosidl_typesupport_cExport-noconfig.cmake
-- Installing: /home/rudranil/mowito_ws/install/image_processing/share/image_processing/cmake/export_image_processing__rosidl_generator_cppExport.cmake
-- Installing: /home/rudranil/mowito_ws/install/image_processing/share/image_processing/cmake/export_image_processing__rosidl_typesupport_fastrtps_cppExport.cmake
-- Installing: /home/rudranil/mowito_ws/install/image_processing/share/image_processing/cmake/export_image_processing__rosidl_typesupport_fastrtps_cppExport-noconfig.cmake
-- Installing: /home/rudranil/mowito_ws/install/image_processing/share/image_processing/cmake/image_processing__rosidl_typesupport_introspection_cppExport.cmake
-- Installing: /home/rudranil/mowito_ws/install/image_processing/share/image_processing/cmake/image_processing__rosidl_typesupport_introspection_cppExport-noconfig.cmake
-- Installing: /home/rudranil/mowito_ws/install/image_processing/share/image_processing/cmake/image_processing__rosidl_typesupport_cppExport.cmake
-- Installing: /home/rudranil/mowito_ws/install/image_processing/share/image_processing/cmake/image_processing__rosidl_typesupport_cppExport-noconfig.cmake
-- Installing: /home/rudranil/mowito_ws/install/image_processing/share/image_processing/cmake/export_image_processing__rosidl_generator_pyExport.cmake
-- Installing: /home/rudranil/mowito_ws/install/image_processing/share/image_processing/cmake/export_image_processing__rosidl_generator_pyExport-noconfig.cmake
