[0.016s] Invoking command in '/home/rudranil/mowito_ws/build/image_processing': CMAKE_PREFIX_PATH=${CMAKE_PREFIX_PATH}:/home/rudranil/lb_ws/install/ur5_control:/home/rudranil/oddity_rover/install/canopen_utils:/home/rudranil/ros2_ws/install/mini_bot_description:/opt/ros/humble /usr/bin/cmake /home/rudranil/mowito_ws/src/image_processing -DAMENT_CMAKE_SYMLINK_INSTALL=1 -DCMAKE_INSTALL_PREFIX=/home/rudranil/mowito_ws/install/image_processing
[0.097s] -- The C compiler identification is GNU 11.4.0
[0.162s] -- The CXX compiler identification is GNU 11.4.0
[0.171s] -- Detecting C compiler ABI info
[0.269s] -- Detecting C compiler ABI info - done
[0.276s] -- Check for working C compiler: /usr/bin/cc - skipped
[0.276s] -- Detecting C compile features
[0.276s] -- Detecting C compile features - done
[0.279s] -- Detecting CXX compiler ABI info
[0.383s] -- Detecting CXX compiler ABI info - done
[0.390s] -- Check for working CXX compiler: /usr/bin/c++ - skipped
[0.390s] -- Detecting CXX compile features
[0.390s] -- Detecting CXX compile features - done
[0.396s] -- Found ament_cmake: 1.3.10 (/opt/ros/humble/share/ament_cmake/cmake)
[0.571s] -- Found Python3: /usr/bin/python3 (found version "3.10.12") found components: Interpreter 
[0.639s] -- Override CMake install command with custom implementation using symlinks instead of copying resources
[0.722s] -- Found rosidl_default_generators: 1.2.0 (/opt/ros/humble/share/rosidl_default_generators/cmake)
[0.732s] -- Using all available rosidl_typesupport_c: rosidl_typesupport_fastrtps_c;rosidl_typesupport_introspection_c
[0.750s] -- Found rosidl_adapter: 3.1.5 (/opt/ros/humble/share/rosidl_adapter/cmake)
[0.823s] -- Using all available rosidl_typesupport_cpp: rosidl_typesupport_fastrtps_cpp;rosidl_typesupport_introspection_cpp
[1.160s] -- Found ament_cmake_ros: 0.10.0 (/opt/ros/humble/share/ament_cmake_ros/cmake)
[1.374s] -- Using all available rosidl_typesupport_c: rosidl_typesupport_fastrtps_c;rosidl_typesupport_introspection_c
[1.631s] -- Using all available rosidl_typesupport_cpp: rosidl_typesupport_fastrtps_cpp;rosidl_typesupport_introspection_cpp
[1.661s] -- Found PythonInterp: /usr/bin/python3 (found suitable version "3.10.12", minimum required is "3.6") 
[1.666s] -- Found python_cmake_module: 0.10.0 (/opt/ros/humble/share/python_cmake_module/cmake)
[1.696s] -- Found PythonLibs: /usr/lib/x86_64-linux-gnu/libpython3.10.so (found suitable version "3.10.12", minimum required is "3.5") 
[1.696s] -- Using PYTHON_EXECUTABLE: /usr/bin/python3
[1.696s] -- Using PYTHON_INCLUDE_DIRS: /usr/include/python3.10
[1.696s] -- Using PYTHON_LIBRARIES: /usr/lib/x86_64-linux-gnu/libpython3.10.so
[1.725s] -- Found PythonExtra: .so  
[1.778s] -- Configuring done
[1.806s] -- Generating done
[1.815s] -- Build files have been written to: /home/rudranil/mowito_ws/build/image_processing
[1.824s] Invoked command in '/home/rudranil/mowito_ws/build/image_processing' returned '0': CMAKE_PREFIX_PATH=${CMAKE_PREFIX_PATH}:/home/rudranil/lb_ws/install/ur5_control:/home/rudranil/oddity_rover/install/canopen_utils:/home/rudranil/ros2_ws/install/mini_bot_description:/opt/ros/humble /usr/bin/cmake /home/rudranil/mowito_ws/src/image_processing -DAMENT_CMAKE_SYMLINK_INSTALL=1 -DCMAKE_INSTALL_PREFIX=/home/rudranil/mowito_ws/install/image_processing
[1.826s] Invoking command in '/home/rudranil/mowito_ws/build/image_processing': CMAKE_PREFIX_PATH=${CMAKE_PREFIX_PATH}:/home/rudranil/lb_ws/install/ur5_control:/home/rudranil/oddity_rover/install/canopen_utils:/home/rudranil/ros2_ws/install/mini_bot_description:/opt/ros/humble /usr/bin/cmake --build /home/rudranil/mowito_ws/build/image_processing -- -j12 -l12
[1.881s] [  3%] [34m[1mGenerating C code for ROS interfaces[0m
[1.896s] [  6%] [34m[1mGenerating C++ code for ROS interfaces[0m
[1.907s] [  6%] Built target ament_cmake_python_symlink_image_processing
[2.145s] [  6%] Built target image_processing__cpp
[2.159s] [ 19%] [34m[1mGenerating C++ type support for eProsima Fast-RTPS[0m
[2.159s] [ 19%] [32mBuilding C object CMakeFiles/image_processing__rosidl_generator_c.dir/rosidl_generator_c/image_processing/srv/detail/conversion__functions.c.o[0m
[2.159s] [ 19%] [34m[1mGenerating C++ introspection for ROS interfaces[0m
[2.159s] [ 19%] [34m[1mGenerating C++ type support dispatch for ROS interfaces[0m
[2.176s] running egg_info
[2.176s] creating image_processing.egg-info
[2.176s] writing image_processing.egg-info/PKG-INFO
[2.177s] writing dependency_links to image_processing.egg-info/dependency_links.txt
[2.177s] writing top-level names to image_processing.egg-info/top_level.txt
[2.177s] writing manifest file 'image_processing.egg-info/SOURCES.txt'
[2.179s] reading manifest file 'image_processing.egg-info/SOURCES.txt'
[2.180s] writing manifest file 'image_processing.egg-info/SOURCES.txt'
[2.222s] [ 22%] Built target ament_cmake_python_build_image_processing_egg
[2.222s] [ 22%] [32m[1mLinking C shared library libimage_processing__rosidl_generator_c.so[0m
[2.268s] [ 22%] Built target image_processing__rosidl_generator_c
[2.283s] [ 29%] [34m[1mGenerating C type support dispatch for ROS interfaces[0m
[2.283s] [ 29%] [34m[1mGenerating C type support for eProsima Fast-RTPS[0m
[2.285s] [ 32%] [34m[1mGenerating C introspection for ROS interfaces[0m
[2.414s] [ 35%] [32mBuilding CXX object CMakeFiles/image_processing__rosidl_typesupport_introspection_cpp.dir/rosidl_typesupport_introspection_cpp/image_processing/srv/detail/conversion__type_support.cpp.o[0m
[2.427s] [ 38%] [32mBuilding CXX object CMakeFiles/image_processing__rosidl_typesupport_cpp.dir/rosidl_typesupport_cpp/image_processing/srv/conversion__type_support.cpp.o[0m
[2.471s] [ 41%] [32mBuilding CXX object CMakeFiles/image_processing__rosidl_typesupport_fastrtps_cpp.dir/rosidl_typesupport_fastrtps_cpp/image_processing/srv/detail/dds_fastrtps/conversion__type_support.cpp.o[0m
[2.519s] [ 45%] [32mBuilding CXX object CMakeFiles/image_processing__rosidl_typesupport_c.dir/rosidl_typesupport_c/image_processing/srv/conversion__type_support.cpp.o[0m
[2.564s] [ 48%] [32m[1mLinking CXX shared library libimage_processing__rosidl_typesupport_c.so[0m
[2.564s] [ 54%] [32mBuilding C object CMakeFiles/image_processing__rosidl_typesupport_introspection_c.dir/rosidl_typesupport_introspection_c/image_processing/srv/detail/conversion__type_support.c.o[0m
[2.564s] [ 54%] [32mBuilding CXX object CMakeFiles/image_processing__rosidl_typesupport_fastrtps_c.dir/rosidl_typesupport_fastrtps_c/image_processing/srv/detail/conversion__type_support_c.cpp.o[0m
[2.609s] [ 58%] [32m[1mLinking C shared library libimage_processing__rosidl_typesupport_introspection_c.so[0m
[2.616s] [ 58%] Built target image_processing__rosidl_typesupport_c
[2.655s] [ 58%] Built target image_processing__rosidl_typesupport_introspection_c
[2.683s] [ 61%] [32m[1mLinking CXX shared library libimage_processing__rosidl_typesupport_cpp.so[0m
[2.735s] [ 61%] Built target image_processing__rosidl_typesupport_cpp
[2.769s] [ 64%] [32m[1mLinking CXX shared library libimage_processing__rosidl_typesupport_introspection_cpp.so[0m
[2.843s] [ 67%] [32m[1mLinking CXX shared library libimage_processing__rosidl_typesupport_fastrtps_cpp.so[0m
[2.857s] [ 67%] Built target image_processing__rosidl_typesupport_introspection_cpp
[2.880s] [ 70%] [32m[1mLinking CXX shared library libimage_processing__rosidl_typesupport_fastrtps_c.so[0m
[2.948s] [ 70%] Built target image_processing__rosidl_typesupport_fastrtps_cpp
[2.978s] [ 70%] Built target image_processing__rosidl_typesupport_fastrtps_c
[3.010s] [ 70%] Built target image_processing
[3.041s] [ 74%] [34m[1mGenerating Python code for ROS interfaces[0m
[3.351s] [ 74%] Built target image_processing__py
[3.382s] [ 77%] [32mBuilding C object CMakeFiles/image_processing__rosidl_generator_py.dir/rosidl_generator_py/image_processing/srv/_conversion_s.c.o[0m
[3.485s] [ 80%] [32m[1mLinking C shared library rosidl_generator_py/image_processing/libimage_processing__rosidl_generator_py.so[0m
[3.536s] [ 80%] Built target image_processing__rosidl_generator_py
[3.566s] [ 90%] [32mBuilding C object CMakeFiles/image_processing__rosidl_typesupport_introspection_c__pyext.dir/rosidl_generator_py/image_processing/_image_processing_s.ep.rosidl_typesupport_introspection_c.c.o[0m
[3.566s] [ 90%] [32mBuilding C object CMakeFiles/image_processing__rosidl_typesupport_fastrtps_c__pyext.dir/rosidl_generator_py/image_processing/_image_processing_s.ep.rosidl_typesupport_fastrtps_c.c.o[0m
[3.566s] [ 90%] [32mBuilding C object CMakeFiles/image_processing__rosidl_typesupport_c__pyext.dir/rosidl_generator_py/image_processing/_image_processing_s.ep.rosidl_typesupport_c.c.o[0m
[3.662s] [ 93%] [32m[1mLinking C shared library rosidl_generator_py/image_processing/image_processing_s__rosidl_typesupport_c.cpython-310-x86_64-linux-gnu.so[0m
[3.663s] [100%] [32m[1mLinking C shared library rosidl_generator_py/image_processing/image_processing_s__rosidl_typesupport_fastrtps_c.cpython-310-x86_64-linux-gnu.so[0m
[3.663s] [100%] [32m[1mLinking C shared library rosidl_generator_py/image_processing/image_processing_s__rosidl_typesupport_introspection_c.cpython-310-x86_64-linux-gnu.so[0m
[3.705s] [100%] Built target image_processing__rosidl_typesupport_c__pyext
[3.705s] [100%] Built target image_processing__rosidl_typesupport_introspection_c__pyext
[3.706s] [100%] Built target image_processing__rosidl_typesupport_fastrtps_c__pyext
[3.723s] Invoked command in '/home/rudranil/mowito_ws/build/image_processing' returned '0': CMAKE_PREFIX_PATH=${CMAKE_PREFIX_PATH}:/home/rudranil/lb_ws/install/ur5_control:/home/rudranil/oddity_rover/install/canopen_utils:/home/rudranil/ros2_ws/install/mini_bot_description:/opt/ros/humble /usr/bin/cmake --build /home/rudranil/mowito_ws/build/image_processing -- -j12 -l12
[3.737s] Invoking command in '/home/rudranil/mowito_ws/build/image_processing': CMAKE_PREFIX_PATH=${CMAKE_PREFIX_PATH}:/home/rudranil/lb_ws/install/ur5_control:/home/rudranil/oddity_rover/install/canopen_utils:/home/rudranil/ros2_ws/install/mini_bot_description:/opt/ros/humble /usr/bin/cmake --install /home/rudranil/mowito_ws/build/image_processing
[3.747s] -- Install configuration: ""
[3.748s] -- Execute custom install script
[3.748s] -- Symlinking: /home/rudranil/mowito_ws/install/image_processing/share/ament_index/resource_index/rosidl_interfaces/image_processing
[3.762s] -- Symlinking: /home/rudranil/mowito_ws/install/image_processing/include/image_processing/image_processing/msg/rosidl_generator_c__visibility_control.h
[3.775s] -- Symlinking: /home/rudranil/mowito_ws/install/image_processing/include/image_processing/image_processing/srv/conversion.h
[3.787s] -- Symlinking: /home/rudranil/mowito_ws/install/image_processing/include/image_processing/image_processing/srv/detail/conversion__functions.h
[3.800s] -- Symlinking: /home/rudranil/mowito_ws/install/image_processing/include/image_processing/image_processing/srv/detail/conversion__struct.h
[3.814s] -- Symlinking: /home/rudranil/mowito_ws/install/image_processing/include/image_processing/image_processing/srv/detail/conversion__type_support.h
[3.826s] -- Symlinking: /home/rudranil/mowito_ws/install/image_processing/share/image_processing/environment/library_path.sh
[3.839s] -- Symlinking: /home/rudranil/mowito_ws/install/image_processing/share/image_processing/environment/library_path.dsv
[3.852s] -- Symlinking: /home/rudranil/mowito_ws/install/image_processing/include/image_processing/image_processing/msg/rosidl_typesupport_fastrtps_c__visibility_control.h
[3.865s] -- Symlinking: /home/rudranil/mowito_ws/install/image_processing/include/image_processing/image_processing/srv/detail/conversion__rosidl_typesupport_fastrtps_c.h
[3.879s] -- Symlinking: /home/rudranil/mowito_ws/install/image_processing/include/image_processing/image_processing/msg/rosidl_typesupport_introspection_c__visibility_control.h
[3.892s] -- Symlinking: /home/rudranil/mowito_ws/install/image_processing/include/image_processing/image_processing/srv/detail/conversion__rosidl_typesupport_introspection_c.h
[3.906s] -- Symlinking: /home/rudranil/mowito_ws/install/image_processing/include/image_processing/image_processing/srv/conversion.hpp
[3.919s] -- Symlinking: /home/rudranil/mowito_ws/install/image_processing/include/image_processing/image_processing/srv/detail/conversion__builder.hpp
[3.931s] -- Symlinking: /home/rudranil/mowito_ws/install/image_processing/include/image_processing/image_processing/srv/detail/conversion__struct.hpp
[3.944s] -- Symlinking: /home/rudranil/mowito_ws/install/image_processing/include/image_processing/image_processing/srv/detail/conversion__traits.hpp
[3.958s] -- Symlinking: /home/rudranil/mowito_ws/install/image_processing/include/image_processing/image_processing/msg/rosidl_typesupport_fastrtps_cpp__visibility_control.h
[3.971s] -- Symlinking: /home/rudranil/mowito_ws/install/image_processing/include/image_processing/image_processing/srv/detail/conversion__rosidl_typesupport_fastrtps_cpp.hpp
[3.985s] -- Symlinking: /home/rudranil/mowito_ws/install/image_processing/include/image_processing/image_processing/srv/detail/conversion__rosidl_typesupport_introspection_cpp.hpp
[3.999s] -- Symlinking: /home/rudranil/mowito_ws/install/image_processing/share/image_processing/environment/pythonpath.sh
[4.012s] -- Symlinking: /home/rudranil/mowito_ws/install/image_processing/share/image_processing/environment/pythonpath.dsv
[4.026s] -- Symlinking: /home/rudranil/mowito_ws/install/image_processing/local/lib/python3.10/dist-packages/image_processing-0.0.0-py3.10.egg-info/PKG-INFO
[4.038s] -- Symlinking: /home/rudranil/mowito_ws/install/image_processing/local/lib/python3.10/dist-packages/image_processing-0.0.0-py3.10.egg-info/SOURCES.txt
[4.051s] -- Symlinking: /home/rudranil/mowito_ws/install/image_processing/local/lib/python3.10/dist-packages/image_processing-0.0.0-py3.10.egg-info/dependency_links.txt
[4.063s] -- Symlinking: /home/rudranil/mowito_ws/install/image_processing/local/lib/python3.10/dist-packages/image_processing-0.0.0-py3.10.egg-info/top_level.txt
[4.078s] -- Symlinking: /home/rudranil/mowito_ws/install/image_processing/local/lib/python3.10/dist-packages/image_processing/__init__.py
[4.091s] -- Symlinking: /home/rudranil/mowito_ws/install/image_processing/local/lib/python3.10/dist-packages/image_processing/_image_processing_s.ep.rosidl_typesupport_c.c
[4.105s] -- Symlinking: /home/rudranil/mowito_ws/install/image_processing/local/lib/python3.10/dist-packages/image_processing/_image_processing_s.ep.rosidl_typesupport_fastrtps_c.c
[4.118s] -- Symlinking: /home/rudranil/mowito_ws/install/image_processing/local/lib/python3.10/dist-packages/image_processing/_image_processing_s.ep.rosidl_typesupport_introspection_c.c
[4.131s] -- Symlinking: /home/rudranil/mowito_ws/install/image_processing/local/lib/python3.10/dist-packages/image_processing/image_processing_s__rosidl_typesupport_c.cpython-310-x86_64-linux-gnu.so
[4.145s] -- Symlinking: /home/rudranil/mowito_ws/install/image_processing/local/lib/python3.10/dist-packages/image_processing/image_processing_s__rosidl_typesupport_fastrtps_c.cpython-310-x86_64-linux-gnu.so
[4.157s] -- Symlinking: /home/rudranil/mowito_ws/install/image_processing/local/lib/python3.10/dist-packages/image_processing/image_processing_s__rosidl_typesupport_introspection_c.cpython-310-x86_64-linux-gnu.so
[4.170s] -- Symlinking: /home/rudranil/mowito_ws/install/image_processing/local/lib/python3.10/dist-packages/image_processing/libimage_processing__rosidl_generator_py.so
[4.183s] -- Symlinking: /home/rudranil/mowito_ws/install/image_processing/local/lib/python3.10/dist-packages/image_processing/srv/__init__.py
[4.196s] -- Symlinking: /home/rudranil/mowito_ws/install/image_processing/local/lib/python3.10/dist-packages/image_processing/srv/_conversion.py
[4.208s] -- Symlinking: /home/rudranil/mowito_ws/install/image_processing/local/lib/python3.10/dist-packages/image_processing/srv/_conversion_s.c
[4.221s] -- Up-to-date symlink: /home/rudranil/mowito_ws/install/image_processing/local/lib/python3.10/dist-packages/image_processing/image_processing_s__rosidl_typesupport_fastrtps_c.cpython-310-x86_64-linux-gnu.so
[4.221s] -- Up-to-date symlink: /home/rudranil/mowito_ws/install/image_processing/local/lib/python3.10/dist-packages/image_processing/image_processing_s__rosidl_typesupport_introspection_c.cpython-310-x86_64-linux-gnu.so
[4.221s] -- Up-to-date symlink: /home/rudranil/mowito_ws/install/image_processing/local/lib/python3.10/dist-packages/image_processing/image_processing_s__rosidl_typesupport_c.cpython-310-x86_64-linux-gnu.so
[4.221s] -- Symlinking: /home/rudranil/mowito_ws/install/image_processing/share/image_processing/srv/Conversion.idl
[4.234s] -- Symlinking: /home/rudranil/mowito_ws/install/image_processing/share/image_processing/srv/Conversion.srv
[4.248s] -- Symlinking: /home/rudranil/mowito_ws/install/image_processing/share/image_processing/srv/Conversion_Request.msg
[4.260s] -- Symlinking: /home/rudranil/mowito_ws/install/image_processing/share/image_processing/srv/Conversion_Response.msg
[4.273s] -- Symlinking: /home/rudranil/mowito_ws/install/image_processing/share/ament_index/resource_index/package_run_dependencies/image_processing
[4.286s] -- Symlinking: /home/rudranil/mowito_ws/install/image_processing/share/ament_index/resource_index/parent_prefix_path/image_processing
[4.300s] -- Symlinking: /home/rudranil/mowito_ws/install/image_processing/share/image_processing/environment/ament_prefix_path.sh
[4.313s] -- Symlinking: /home/rudranil/mowito_ws/install/image_processing/share/image_processing/environment/ament_prefix_path.dsv
[4.326s] -- Symlinking: /home/rudranil/mowito_ws/install/image_processing/share/image_processing/environment/path.sh
[4.338s] -- Symlinking: /home/rudranil/mowito_ws/install/image_processing/share/image_processing/environment/path.dsv
[4.351s] -- Symlinking: /home/rudranil/mowito_ws/install/image_processing/share/image_processing/local_setup.bash
[4.364s] -- Symlinking: /home/rudranil/mowito_ws/install/image_processing/share/image_processing/local_setup.sh
[4.377s] -- Symlinking: /home/rudranil/mowito_ws/install/image_processing/share/image_processing/local_setup.zsh
[4.391s] -- Symlinking: /home/rudranil/mowito_ws/install/image_processing/share/image_processing/local_setup.dsv
[4.405s] -- Symlinking: /home/rudranil/mowito_ws/install/image_processing/share/image_processing/package.dsv
[4.418s] -- Symlinking: /home/rudranil/mowito_ws/install/image_processing/share/ament_index/resource_index/packages/image_processing
[4.431s] -- Symlinking: /home/rudranil/mowito_ws/install/image_processing/share/image_processing/cmake/rosidl_cmake-extras.cmake
[4.445s] -- Symlinking: /home/rudranil/mowito_ws/install/image_processing/share/image_processing/cmake/ament_cmake_export_include_directories-extras.cmake
[4.458s] -- Symlinking: /home/rudranil/mowito_ws/install/image_processing/share/image_processing/cmake/ament_cmake_export_libraries-extras.cmake
[4.472s] -- Symlinking: /home/rudranil/mowito_ws/install/image_processing/share/image_processing/cmake/ament_cmake_export_targets-extras.cmake
[4.485s] -- Symlinking: /home/rudranil/mowito_ws/install/image_processing/share/image_processing/cmake/rosidl_cmake_export_typesupport_targets-extras.cmake
[4.497s] -- Symlinking: /home/rudranil/mowito_ws/install/image_processing/share/image_processing/cmake/ament_cmake_export_dependencies-extras.cmake
[4.510s] -- Symlinking: /home/rudranil/mowito_ws/install/image_processing/share/image_processing/cmake/rosidl_cmake_export_typesupport_libraries-extras.cmake
[4.523s] -- Symlinking: /home/rudranil/mowito_ws/install/image_processing/share/image_processing/cmake/image_processingConfig.cmake
[4.536s] -- Symlinking: /home/rudranil/mowito_ws/install/image_processing/share/image_processing/cmake/image_processingConfig-version.cmake
[4.548s] -- Symlinking: /home/rudranil/mowito_ws/install/image_processing/share/image_processing/package.xml
[4.561s] -- Installing: /home/rudranil/mowito_ws/install/image_processing/lib/libimage_processing__rosidl_generator_c.so
[4.561s] -- Set runtime path of "/home/rudranil/mowito_ws/install/image_processing/lib/libimage_processing__rosidl_generator_c.so" to ""
[4.561s] -- Installing: /home/rudranil/mowito_ws/install/image_processing/lib/libimage_processing__rosidl_typesupport_fastrtps_c.so
[4.562s] -- Set runtime path of "/home/rudranil/mowito_ws/install/image_processing/lib/libimage_processing__rosidl_typesupport_fastrtps_c.so" to ""
[4.562s] -- Installing: /home/rudranil/mowito_ws/install/image_processing/lib/libimage_processing__rosidl_typesupport_introspection_c.so
[4.562s] -- Set runtime path of "/home/rudranil/mowito_ws/install/image_processing/lib/libimage_processing__rosidl_typesupport_introspection_c.so" to ""
[4.562s] -- Installing: /home/rudranil/mowito_ws/install/image_processing/lib/libimage_processing__rosidl_typesupport_c.so
[4.563s] -- Set runtime path of "/home/rudranil/mowito_ws/install/image_processing/lib/libimage_processing__rosidl_typesupport_c.so" to ""
[4.563s] -- Installing: /home/rudranil/mowito_ws/install/image_processing/lib/libimage_processing__rosidl_typesupport_fastrtps_cpp.so
[4.563s] -- Set runtime path of "/home/rudranil/mowito_ws/install/image_processing/lib/libimage_processing__rosidl_typesupport_fastrtps_cpp.so" to ""
[4.563s] -- Installing: /home/rudranil/mowito_ws/install/image_processing/lib/libimage_processing__rosidl_typesupport_introspection_cpp.so
[4.564s] -- Set runtime path of "/home/rudranil/mowito_ws/install/image_processing/lib/libimage_processing__rosidl_typesupport_introspection_cpp.so" to ""
[4.564s] -- Installing: /home/rudranil/mowito_ws/install/image_processing/lib/libimage_processing__rosidl_typesupport_cpp.so
[4.564s] -- Set runtime path of "/home/rudranil/mowito_ws/install/image_processing/lib/libimage_processing__rosidl_typesupport_cpp.so" to ""
[4.601s] Listing '/home/rudranil/mowito_ws/install/image_processing/local/lib/python3.10/dist-packages/image_processing'...
[4.601s] Compiling '/home/rudranil/mowito_ws/install/image_processing/local/lib/python3.10/dist-packages/image_processing/__init__.py'...
[4.601s] Listing '/home/rudranil/mowito_ws/install/image_processing/local/lib/python3.10/dist-packages/image_processing/srv'...
[4.601s] Compiling '/home/rudranil/mowito_ws/install/image_processing/local/lib/python3.10/dist-packages/image_processing/srv/__init__.py'...
[4.601s] Compiling '/home/rudranil/mowito_ws/install/image_processing/local/lib/python3.10/dist-packages/image_processing/srv/_conversion.py'...
[4.606s] -- Installing: /home/rudranil/mowito_ws/install/image_processing/lib/libimage_processing__rosidl_generator_py.so
[4.606s] -- Set runtime path of "/home/rudranil/mowito_ws/install/image_processing/lib/libimage_processing__rosidl_generator_py.so" to ""
[4.607s] -- Installing: /home/rudranil/mowito_ws/install/image_processing/share/image_processing/cmake/export_image_processing__rosidl_generator_cExport.cmake
[4.607s] -- Installing: /home/rudranil/mowito_ws/install/image_processing/share/image_processing/cmake/export_image_processing__rosidl_generator_cExport-noconfig.cmake
[4.607s] -- Installing: /home/rudranil/mowito_ws/install/image_processing/share/image_processing/cmake/export_image_processing__rosidl_typesupport_fastrtps_cExport.cmake
[4.607s] -- Installing: /home/rudranil/mowito_ws/install/image_processing/share/image_processing/cmake/export_image_processing__rosidl_typesupport_fastrtps_cExport-noconfig.cmake
[4.608s] -- Installing: /home/rudranil/mowito_ws/install/image_processing/share/image_processing/cmake/image_processing__rosidl_typesupport_introspection_cExport.cmake
[4.608s] -- Installing: /home/rudranil/mowito_ws/install/image_processing/share/image_processing/cmake/image_processing__rosidl_typesupport_introspection_cExport-noconfig.cmake
[4.608s] -- Installing: /home/rudranil/mowito_ws/install/image_processing/share/image_processing/cmake/image_processing__rosidl_typesupport_cExport.cmake
[4.608s] -- Installing: /home/rudranil/mowito_ws/install/image_processing/share/image_processing/cmake/image_processing__rosidl_typesupport_cExport-noconfig.cmake
[4.608s] -- Installing: /home/rudranil/mowito_ws/install/image_processing/share/image_processing/cmake/export_image_processing__rosidl_generator_cppExport.cmake
[4.608s] -- Installing: /home/rudranil/mowito_ws/install/image_processing/share/image_processing/cmake/export_image_processing__rosidl_typesupport_fastrtps_cppExport.cmake
[4.608s] -- Installing: /home/rudranil/mowito_ws/install/image_processing/share/image_processing/cmake/export_image_processing__rosidl_typesupport_fastrtps_cppExport-noconfig.cmake
[4.608s] -- Installing: /home/rudranil/mowito_ws/install/image_processing/share/image_processing/cmake/image_processing__rosidl_typesupport_introspection_cppExport.cmake
[4.608s] -- Installing: /home/rudranil/mowito_ws/install/image_processing/share/image_processing/cmake/image_processing__rosidl_typesupport_introspection_cppExport-noconfig.cmake
[4.608s] -- Installing: /home/rudranil/mowito_ws/install/image_processing/share/image_processing/cmake/image_processing__rosidl_typesupport_cppExport.cmake
[4.608s] -- Installing: /home/rudranil/mowito_ws/install/image_processing/share/image_processing/cmake/image_processing__rosidl_typesupport_cppExport-noconfig.cmake
[4.609s] -- Installing: /home/rudranil/mowito_ws/install/image_processing/share/image_processing/cmake/export_image_processing__rosidl_generator_pyExport.cmake
[4.609s] -- Installing: /home/rudranil/mowito_ws/install/image_processing/share/image_processing/cmake/export_image_processing__rosidl_generator_pyExport-noconfig.cmake
[4.612s] Invoked command in '/home/rudranil/mowito_ws/build/image_processing' returned '0': CMAKE_PREFIX_PATH=${CMAKE_PREFIX_PATH}:/home/rudranil/lb_ws/install/ur5_control:/home/rudranil/oddity_rover/install/canopen_utils:/home/rudranil/ros2_ws/install/mini_bot_description:/opt/ros/humble /usr/bin/cmake --install /home/rudranil/mowito_ws/build/image_processing
