-- Found ament_cmake: 1.3.10 (/opt/ros/humble/share/ament_cmake/cmake)
-- Override CMake install command with custom implementation using symlinks instead of copying resources
-- Found rosidl_default_generators: 1.2.0 (/opt/ros/humble/share/rosidl_default_generators/cmake)
-- Using all available rosidl_typesupport_c: rosidl_typesupport_fastrtps_c;rosidl_typesupport_introspection_c
-- Found rosidl_adapter: 3.1.5 (/opt/ros/humble/share/rosidl_adapter/cmake)
-- Using all available rosidl_typesupport_cpp: rosidl_typesupport_fastrtps_cpp;rosidl_typesupport_introspection_cpp
-- Found ament_cmake_ros: 0.10.0 (/opt/ros/humble/share/ament_cmake_ros/cmake)
-- Using all available rosidl_typesupport_c: rosidl_typesupport_fastrtps_c;rosidl_typesupport_introspection_c
-- Using all available rosidl_typesupport_cpp: rosidl_typesupport_fastrtps_cpp;rosidl_typesupport_introspection_cpp
-- Found python_cmake_module: 0.10.0 (/opt/ros/humble/share/python_cmake_module/cmake)
-- Using PYTHON_EXECUTABLE: /usr/bin/python3
-- Using PYTHON_INCLUDE_DIRS: /usr/include/python3.10
-- Using PYTHON_LIBRARIES: /usr/lib/x86_64-linux-gnu/libpython3.10.so
-- Configuring done
-- Generating done
-- Build files have been written to: /home/rudranil/mowito_ws/build/image_processing
[35m[1mConsolidate compiler generated dependencies of target image_processing__rosidl_generator_c[0m
[  3%] Built target image_processing__cpp
[ 12%] Built target image_processing__rosidl_generator_c
[ 12%] Built target ament_cmake_python_symlink_image_processing
[35m[1mConsolidate compiler generated dependencies of target image_processing__rosidl_typesupport_cpp[0m
[35m[1mConsolidate compiler generated dependencies of target image_processing__rosidl_typesupport_fastrtps_cpp[0m
[35m[1mConsolidate compiler generated dependencies of target image_processing__rosidl_typesupport_c[0m
[35m[1mConsolidate compiler generated dependencies of target image_processing__rosidl_typesupport_introspection_c[0m
[35m[1mConsolidate compiler generated dependencies of target image_processing__rosidl_typesupport_introspection_cpp[0m
[35m[1mConsolidate compiler generated dependencies of target image_processing__rosidl_typesupport_fastrtps_c[0m
[ 32%] Built target image_processing__rosidl_typesupport_c
[ 32%] Built target image_processing__rosidl_typesupport_introspection_c
[ 51%] Built target image_processing__rosidl_typesupport_cpp
[ 51%] Built target image_processing__rosidl_typesupport_fastrtps_cpp
[ 61%] Built target image_processing__rosidl_typesupport_introspection_cpp
[ 70%] Built target image_processing__rosidl_typesupport_fastrtps_c
[ 70%] Built target image_processing
[ 74%] Built target image_processing__py
[35m[1mConsolidate compiler generated dependencies of target image_processing__rosidl_generator_py[0m
[ 80%] Built target image_processing__rosidl_generator_py
[35m[1mConsolidate compiler generated dependencies of target image_processing__rosidl_typesupport_introspection_c__pyext[0m
[35m[1mConsolidate compiler generated dependencies of target image_processing__rosidl_typesupport_fastrtps_c__pyext[0m
[35m[1mConsolidate compiler generated dependencies of target image_processing__rosidl_typesupport_c__pyext[0m
[ 87%] Built target image_processing__rosidl_typesupport_fastrtps_c__pyext
[ 93%] Built target image_processing__rosidl_typesupport_introspection_c__pyext
[100%] Built target image_processing__rosidl_typesupport_c__pyext
running egg_info
writing image_processing.egg-info/PKG-INFO
writing dependency_links to image_processing.egg-info/dependency_links.txt
writing top-level names to image_processing.egg-info/top_level.txt
reading manifest file 'image_processing.egg-info/SOURCES.txt'
writing manifest file 'image_processing.egg-info/SOURCES.txt'
[100%] Built target ament_cmake_python_build_image_processing_egg
-- Install configuration: ""
-- Execute custom install script
-- Up-to-date symlink: /home/rudranil/mowito_ws/install/image_processing/share/ament_index/resource_index/rosidl_interfaces/image_processing
-- Up-to-date symlink: /home/rudranil/mowito_ws/install/image_processing/include/image_processing/image_processing/msg/rosidl_generator_c__visibility_control.h
-- Up-to-date symlink: /home/rudranil/mowito_ws/install/image_processing/include/image_processing/image_processing/srv/conversion.h
-- Up-to-date symlink: /home/rudranil/mowito_ws/install/image_processing/include/image_processing/image_processing/srv/detail/conversion__functions.h
-- Up-to-date symlink: /home/rudranil/mowito_ws/install/image_processing/include/image_processing/image_processing/srv/detail/conversion__struct.h
-- Up-to-date symlink: /home/rudranil/mowito_ws/install/image_processing/include/image_processing/image_processing/srv/detail/conversion__type_support.h
-- Up-to-date symlink: /home/rudranil/mowito_ws/install/image_processing/share/image_processing/environment/library_path.sh
-- Up-to-date symlink: /home/rudranil/mowito_ws/install/image_processing/share/image_processing/environment/library_path.dsv
-- Up-to-date symlink: /home/rudranil/mowito_ws/install/image_processing/include/image_processing/image_processing/msg/rosidl_typesupport_fastrtps_c__visibility_control.h
-- Up-to-date symlink: /home/rudranil/mowito_ws/install/image_processing/include/image_processing/image_processing/srv/detail/conversion__rosidl_typesupport_fastrtps_c.h
-- Up-to-date symlink: /home/rudranil/mowito_ws/install/image_processing/include/image_processing/image_processing/msg/rosidl_typesupport_introspection_c__visibility_control.h
-- Up-to-date symlink: /home/rudranil/mowito_ws/install/image_processing/include/image_processing/image_processing/srv/detail/conversion__rosidl_typesupport_introspection_c.h
-- Up-to-date symlink: /home/rudranil/mowito_ws/install/image_processing/include/image_processing/image_processing/srv/conversion.hpp
-- Up-to-date symlink: /home/rudranil/mowito_ws/install/image_processing/include/image_processing/image_processing/srv/detail/conversion__builder.hpp
-- Up-to-date symlink: /home/rudranil/mowito_ws/install/image_processing/include/image_processing/image_processing/srv/detail/conversion__struct.hpp
-- Up-to-date symlink: /home/rudranil/mowito_ws/install/image_processing/include/image_processing/image_processing/srv/detail/conversion__traits.hpp
-- Up-to-date symlink: /home/rudranil/mowito_ws/install/image_processing/include/image_processing/image_processing/msg/rosidl_typesupport_fastrtps_cpp__visibility_control.h
-- Up-to-date symlink: /home/rudranil/mowito_ws/install/image_processing/include/image_processing/image_processing/srv/detail/conversion__rosidl_typesupport_fastrtps_cpp.hpp
-- Up-to-date symlink: /home/rudranil/mowito_ws/install/image_processing/include/image_processing/image_processing/srv/detail/conversion__rosidl_typesupport_introspection_cpp.hpp
-- Up-to-date symlink: /home/rudranil/mowito_ws/install/image_processing/share/image_processing/environment/pythonpath.sh
-- Up-to-date symlink: /home/rudranil/mowito_ws/install/image_processing/share/image_processing/environment/pythonpath.dsv
-- Up-to-date symlink: /home/rudranil/mowito_ws/install/image_processing/local/lib/python3.10/dist-packages/image_processing-0.0.0-py3.10.egg-info/PKG-INFO
-- Up-to-date symlink: /home/rudranil/mowito_ws/install/image_processing/local/lib/python3.10/dist-packages/image_processing-0.0.0-py3.10.egg-info/SOURCES.txt
-- Up-to-date symlink: /home/rudranil/mowito_ws/install/image_processing/local/lib/python3.10/dist-packages/image_processing-0.0.0-py3.10.egg-info/dependency_links.txt
-- Up-to-date symlink: /home/rudranil/mowito_ws/install/image_processing/local/lib/python3.10/dist-packages/image_processing-0.0.0-py3.10.egg-info/top_level.txt
-- Up-to-date symlink: /home/rudranil/mowito_ws/install/image_processing/local/lib/python3.10/dist-packages/image_processing/__init__.py
-- Up-to-date symlink: /home/rudranil/mowito_ws/install/image_processing/local/lib/python3.10/dist-packages/image_processing/_image_processing_s.ep.rosidl_typesupport_c.c
-- Up-to-date symlink: /home/rudranil/mowito_ws/install/image_processing/local/lib/python3.10/dist-packages/image_processing/_image_processing_s.ep.rosidl_typesupport_fastrtps_c.c
-- Up-to-date symlink: /home/rudranil/mowito_ws/install/image_processing/local/lib/python3.10/dist-packages/image_processing/_image_processing_s.ep.rosidl_typesupport_introspection_c.c
-- Up-to-date symlink: /home/rudranil/mowito_ws/install/image_processing/local/lib/python3.10/dist-packages/image_processing/image_processing_s__rosidl_typesupport_c.cpython-310-x86_64-linux-gnu.so
-- Up-to-date symlink: /home/rudranil/mowito_ws/install/image_processing/local/lib/python3.10/dist-packages/image_processing/image_processing_s__rosidl_typesupport_fastrtps_c.cpython-310-x86_64-linux-gnu.so
-- Up-to-date symlink: /home/rudranil/mowito_ws/install/image_processing/local/lib/python3.10/dist-packages/image_processing/image_processing_s__rosidl_typesupport_introspection_c.cpython-310-x86_64-linux-gnu.so
-- Up-to-date symlink: /home/rudranil/mowito_ws/install/image_processing/local/lib/python3.10/dist-packages/image_processing/libimage_processing__rosidl_generator_py.so
-- Up-to-date symlink: /home/rudranil/mowito_ws/install/image_processing/local/lib/python3.10/dist-packages/image_processing/srv/__init__.py
-- Up-to-date symlink: /home/rudranil/mowito_ws/install/image_processing/local/lib/python3.10/dist-packages/image_processing/srv/_conversion.py
-- Up-to-date symlink: /home/rudranil/mowito_ws/install/image_processing/local/lib/python3.10/dist-packages/image_processing/srv/_conversion_s.c
-- Up-to-date symlink: /home/rudranil/mowito_ws/install/image_processing/local/lib/python3.10/dist-packages/image_processing/image_processing_s__rosidl_typesupport_fastrtps_c.cpython-310-x86_64-linux-gnu.so
-- Up-to-date symlink: /home/rudranil/mowito_ws/install/image_processing/local/lib/python3.10/dist-packages/image_processing/image_processing_s__rosidl_typesupport_introspection_c.cpython-310-x86_64-linux-gnu.so
-- Up-to-date symlink: /home/rudranil/mowito_ws/install/image_processing/local/lib/python3.10/dist-packages/image_processing/image_processing_s__rosidl_typesupport_c.cpython-310-x86_64-linux-gnu.so
-- Up-to-date symlink: /home/rudranil/mowito_ws/install/image_processing/share/image_processing/srv/Conversion.idl
-- Up-to-date symlink: /home/rudranil/mowito_ws/install/image_processing/share/image_processing/srv/Conversion.srv
-- Up-to-date symlink: /home/rudranil/mowito_ws/install/image_processing/share/image_processing/srv/Conversion_Request.msg
-- Up-to-date symlink: /home/rudranil/mowito_ws/install/image_processing/share/image_processing/srv/Conversion_Response.msg
-- Up-to-date symlink: /home/rudranil/mowito_ws/install/image_processing/share/image_processing//srv/Conversion.srv
-- Symlinking: /home/rudranil/mowito_ws/install/image_processing/share/image_processing//scripts/__pycache__/abc.cpython-310.pyc
-- Symlinking: /home/rudranil/mowito_ws/install/image_processing/share/image_processing//scripts/image_conversion.py
-- Up-to-date symlink: /home/rudranil/mowito_ws/install/image_processing/lib/image_processing/image_conversion.py
-- Up-to-date symlink: /home/rudranil/mowito_ws/install/image_processing/share/ament_index/resource_index/package_run_dependencies/image_processing
-- Up-to-date symlink: /home/rudranil/mowito_ws/install/image_processing/share/ament_index/resource_index/parent_prefix_path/image_processing
-- Up-to-date symlink: /home/rudranil/mowito_ws/install/image_processing/share/image_processing/environment/ament_prefix_path.sh
-- Up-to-date symlink: /home/rudranil/mowito_ws/install/image_processing/share/image_processing/environment/ament_prefix_path.dsv
-- Up-to-date symlink: /home/rudranil/mowito_ws/install/image_processing/share/image_processing/environment/path.sh
-- Up-to-date symlink: /home/rudranil/mowito_ws/install/image_processing/share/image_processing/environment/path.dsv
-- Up-to-date symlink: /home/rudranil/mowito_ws/install/image_processing/share/image_processing/local_setup.bash
-- Up-to-date symlink: /home/rudranil/mowito_ws/install/image_processing/share/image_processing/local_setup.sh
-- Up-to-date symlink: /home/rudranil/mowito_ws/install/image_processing/share/image_processing/local_setup.zsh
-- Up-to-date symlink: /home/rudranil/mowito_ws/install/image_processing/share/image_processing/local_setup.dsv
-- Symlinking: /home/rudranil/mowito_ws/install/image_processing/share/image_processing/package.dsv
-- Up-to-date symlink: /home/rudranil/mowito_ws/install/image_processing/share/ament_index/resource_index/packages/image_processing
-- Up-to-date symlink: /home/rudranil/mowito_ws/install/image_processing/share/image_processing/cmake/rosidl_cmake-extras.cmake
-- Up-to-date symlink: /home/rudranil/mowito_ws/install/image_processing/share/image_processing/cmake/ament_cmake_export_include_directories-extras.cmake
-- Up-to-date symlink: /home/rudranil/mowito_ws/install/image_processing/share/image_processing/cmake/ament_cmake_export_libraries-extras.cmake
-- Up-to-date symlink: /home/rudranil/mowito_ws/install/image_processing/share/image_processing/cmake/ament_cmake_export_targets-extras.cmake
-- Up-to-date symlink: /home/rudranil/mowito_ws/install/image_processing/share/image_processing/cmake/rosidl_cmake_export_typesupport_targets-extras.cmake
-- Up-to-date symlink: /home/rudranil/mowito_ws/install/image_processing/share/image_processing/cmake/ament_cmake_export_dependencies-extras.cmake
-- Up-to-date symlink: /home/rudranil/mowito_ws/install/image_processing/share/image_processing/cmake/rosidl_cmake_export_typesupport_libraries-extras.cmake
-- Up-to-date symlink: /home/rudranil/mowito_ws/install/image_processing/share/image_processing/cmake/image_processingConfig.cmake
-- Up-to-date symlink: /home/rudranil/mowito_ws/install/image_processing/share/image_processing/cmake/image_processingConfig-version.cmake
-- Up-to-date symlink: /home/rudranil/mowito_ws/install/image_processing/share/image_processing/package.xml
-- Up-to-date: /home/rudranil/mowito_ws/install/image_processing/lib/libimage_processing__rosidl_generator_c.so
-- Up-to-date: /home/rudranil/mowito_ws/install/image_processing/lib/libimage_processing__rosidl_typesupport_fastrtps_c.so
-- Up-to-date: /home/rudranil/mowito_ws/install/image_processing/lib/libimage_processing__rosidl_typesupport_introspection_c.so
-- Up-to-date: /home/rudranil/mowito_ws/install/image_processing/lib/libimage_processing__rosidl_typesupport_c.so
-- Up-to-date: /home/rudranil/mowito_ws/install/image_processing/lib/libimage_processing__rosidl_typesupport_fastrtps_cpp.so
-- Up-to-date: /home/rudranil/mowito_ws/install/image_processing/lib/libimage_processing__rosidl_typesupport_introspection_cpp.so
-- Up-to-date: /home/rudranil/mowito_ws/install/image_processing/lib/libimage_processing__rosidl_typesupport_cpp.so
Listing '/home/rudranil/mowito_ws/install/image_processing/local/lib/python3.10/dist-packages/image_processing'...
Compiling '/home/rudranil/mowito_ws/install/image_processing/local/lib/python3.10/dist-packages/image_processing/__init__.py'...
Listing '/home/rudranil/mowito_ws/install/image_processing/local/lib/python3.10/dist-packages/image_processing/srv'...
-- Up-to-date: /home/rudranil/mowito_ws/install/image_processing/lib/libimage_processing__rosidl_generator_py.so
-- Up-to-date: /home/rudranil/mowito_ws/install/image_processing/share/image_processing/cmake/export_image_processing__rosidl_generator_cExport.cmake
-- Up-to-date: /home/rudranil/mowito_ws/install/image_processing/share/image_processing/cmake/export_image_processing__rosidl_generator_cExport-noconfig.cmake
-- Up-to-date: /home/rudranil/mowito_ws/install/image_processing/share/image_processing/cmake/export_image_processing__rosidl_typesupport_fastrtps_cExport.cmake
-- Up-to-date: /home/rudranil/mowito_ws/install/image_processing/share/image_processing/cmake/export_image_processing__rosidl_typesupport_fastrtps_cExport-noconfig.cmake
-- Up-to-date: /home/rudranil/mowito_ws/install/image_processing/share/image_processing/cmake/image_processing__rosidl_typesupport_introspection_cExport.cmake
-- Up-to-date: /home/rudranil/mowito_ws/install/image_processing/share/image_processing/cmake/image_processing__rosidl_typesupport_introspection_cExport-noconfig.cmake
-- Up-to-date: /home/rudranil/mowito_ws/install/image_processing/share/image_processing/cmake/image_processing__rosidl_typesupport_cExport.cmake
-- Up-to-date: /home/rudranil/mowito_ws/install/image_processing/share/image_processing/cmake/image_processing__rosidl_typesupport_cExport-noconfig.cmake
-- Up-to-date: /home/rudranil/mowito_ws/install/image_processing/share/image_processing/cmake/export_image_processing__rosidl_generator_cppExport.cmake
-- Up-to-date: /home/rudranil/mowito_ws/install/image_processing/share/image_processing/cmake/export_image_processing__rosidl_typesupport_fastrtps_cppExport.cmake
-- Up-to-date: /home/rudranil/mowito_ws/install/image_processing/share/image_processing/cmake/export_image_processing__rosidl_typesupport_fastrtps_cppExport-noconfig.cmake
-- Up-to-date: /home/rudranil/mowito_ws/install/image_processing/share/image_processing/cmake/image_processing__rosidl_typesupport_introspection_cppExport.cmake
-- Up-to-date: /home/rudranil/mowito_ws/install/image_processing/share/image_processing/cmake/image_processing__rosidl_typesupport_introspection_cppExport-noconfig.cmake
-- Up-to-date: /home/rudranil/mowito_ws/install/image_processing/share/image_processing/cmake/image_processing__rosidl_typesupport_cppExport.cmake
-- Up-to-date: /home/rudranil/mowito_ws/install/image_processing/share/image_processing/cmake/image_processing__rosidl_typesupport_cppExport-noconfig.cmake
-- Up-to-date: /home/rudranil/mowito_ws/install/image_processing/share/image_processing/cmake/export_image_processing__rosidl_generator_pyExport.cmake
-- Up-to-date: /home/rudranil/mowito_ws/install/image_processing/share/image_processing/cmake/export_image_processing__rosidl_generator_pyExport-noconfig.cmake
