[  3%] Built target image_processing__cpp
[ 12%] Built target image_processing__rosidl_generator_c
[ 12%] Built target ament_cmake_python_symlink_image_processing
[ 32%] Built target image_processing__rosidl_typesupport_c
[ 32%] Built target image_processing__rosidl_typesupport_fastrtps_cpp
[ 51%] Built target image_processing__rosidl_typesupport_introspection_cpp
[ 51%] Built target image_processing__rosidl_typesupport_cpp
[ 61%] Built target image_processing__rosidl_typesupport_introspection_c
[ 70%] Built target image_processing__rosidl_typesupport_fastrtps_c
[ 70%] Built target image_processing
[ 74%] Built target image_processing__py
[ 80%] Built target image_processing__rosidl_generator_py
[ 93%] Built target image_processing__rosidl_typesupport_fastrtps_c__pyext
[ 93%] Built target image_processing__rosidl_typesupport_c__pyext
[100%] Built target image_processing__rosidl_typesupport_introspection_c__pyext
running egg_info
writing image_processing.egg-info/PKG-INFO
writing dependency_links to image_processing.egg-info/dependency_links.txt
writing top-level names to image_processing.egg-info/top_level.txt
reading manifest file 'image_processing.egg-info/SOURCES.txt'
writing manifest file 'image_processing.egg-info/SOURCES.txt'
[100%] Built target ament_cmake_python_build_image_processing_egg
-- Install configuration: ""
-- Execute custom install script
-- Up-to-date symlink: /home/rudranil/mowito_ws/install/image_processing/share/ament_index/resource_index/rosidl_interfaces/image_processing
-- Up-to-date symlink: /home/rudranil/mowito_ws/install/image_processing/include/image_processing/image_processing/msg/rosidl_generator_c__visibility_control.h
-- Up-to-date symlink: /home/rudranil/mowito_ws/install/image_processing/include/image_processing/image_processing/srv/conversion.h
-- Up-to-date symlink: /home/rudranil/mowito_ws/install/image_processing/include/image_processing/image_processing/srv/detail/conversion__functions.h
-- Up-to-date symlink: /home/rudranil/mowito_ws/install/image_processing/include/image_processing/image_processing/srv/detail/conversion__struct.h
-- Up-to-date symlink: /home/rudranil/mowito_ws/install/image_processing/include/image_processing/image_processing/srv/detail/conversion__type_support.h
-- Up-to-date symlink: /home/rudranil/mowito_ws/install/image_processing/share/image_processing/environment/library_path.sh
-- Up-to-date symlink: /home/rudranil/mowito_ws/install/image_processing/share/image_processing/environment/library_path.dsv
-- Up-to-date symlink: /home/rudranil/mowito_ws/install/image_processing/include/image_processing/image_processing/msg/rosidl_typesupport_fastrtps_c__visibility_control.h
-- Up-to-date symlink: /home/rudranil/mowito_ws/install/image_processing/include/image_processing/image_processing/srv/detail/conversion__rosidl_typesupport_fastrtps_c.h
-- Up-to-date symlink: /home/rudranil/mowito_ws/install/image_processing/include/image_processing/image_processing/msg/rosidl_typesupport_introspection_c__visibility_control.h
-- Up-to-date symlink: /home/rudranil/mowito_ws/install/image_processing/include/image_processing/image_processing/srv/detail/conversion__rosidl_typesupport_introspection_c.h
-- Up-to-date symlink: /home/rudranil/mowito_ws/install/image_processing/include/image_processing/image_processing/srv/conversion.hpp
-- Up-to-date symlink: /home/rudranil/mowito_ws/install/image_processing/include/image_processing/image_processing/srv/detail/conversion__builder.hpp
-- Up-to-date symlink: /home/rudranil/mowito_ws/install/image_processing/include/image_processing/image_processing/srv/detail/conversion__struct.hpp
-- Up-to-date symlink: /home/rudranil/mowito_ws/install/image_processing/include/image_processing/image_processing/srv/detail/conversion__traits.hpp
-- Up-to-date symlink: /home/rudranil/mowito_ws/install/image_processing/include/image_processing/image_processing/msg/rosidl_typesupport_fastrtps_cpp__visibility_control.h
-- Up-to-date symlink: /home/rudranil/mowito_ws/install/image_processing/include/image_processing/image_processing/srv/detail/conversion__rosidl_typesupport_fastrtps_cpp.hpp
-- Up-to-date symlink: /home/rudranil/mowito_ws/install/image_processing/include/image_processing/image_processing/srv/detail/conversion__rosidl_typesupport_introspection_cpp.hpp
-- Up-to-date symlink: /home/rudranil/mowito_ws/install/image_processing/share/image_processing/environment/pythonpath.sh
-- Up-to-date symlink: /home/rudranil/mowito_ws/install/image_processing/share/image_processing/environment/pythonpath.dsv
-- Up-to-date symlink: /home/rudranil/mowito_ws/install/image_processing/local/lib/python3.10/dist-packages/image_processing-0.0.0-py3.10.egg-info/PKG-INFO
-- Up-to-date symlink: /home/rudranil/mowito_ws/install/image_processing/local/lib/python3.10/dist-packages/image_processing-0.0.0-py3.10.egg-info/SOURCES.txt
-- Up-to-date symlink: /home/rudranil/mowito_ws/install/image_processing/local/lib/python3.10/dist-packages/image_processing-0.0.0-py3.10.egg-info/dependency_links.txt
-- Up-to-date symlink: /home/rudranil/mowito_ws/install/image_processing/local/lib/python3.10/dist-packages/image_processing-0.0.0-py3.10.egg-info/top_level.txt
-- Up-to-date symlink: /home/rudranil/mowito_ws/install/image_processing/local/lib/python3.10/dist-packages/image_processing/__init__.py
-- Up-to-date symlink: /home/rudranil/mowito_ws/install/image_processing/local/lib/python3.10/dist-packages/image_processing/_image_processing_s.ep.rosidl_typesupport_c.c
-- Up-to-date symlink: /home/rudranil/mowito_ws/install/image_processing/local/lib/python3.10/dist-packages/image_processing/_image_processing_s.ep.rosidl_typesupport_fastrtps_c.c
-- Up-to-date symlink: /home/rudranil/mowito_ws/install/image_processing/local/lib/python3.10/dist-packages/image_processing/_image_processing_s.ep.rosidl_typesupport_introspection_c.c
-- Up-to-date symlink: /home/rudranil/mowito_ws/install/image_processing/local/lib/python3.10/dist-packages/image_processing/image_processing_s__rosidl_typesupport_c.cpython-310-x86_64-linux-gnu.so
-- Up-to-date symlink: /home/rudranil/mowito_ws/install/image_processing/local/lib/python3.10/dist-packages/image_processing/image_processing_s__rosidl_typesupport_fastrtps_c.cpython-310-x86_64-linux-gnu.so
-- Up-to-date symlink: /home/rudranil/mowito_ws/install/image_processing/local/lib/python3.10/dist-packages/image_processing/image_processing_s__rosidl_typesupport_introspection_c.cpython-310-x86_64-linux-gnu.so
-- Up-to-date symlink: /home/rudranil/mowito_ws/install/image_processing/local/lib/python3.10/dist-packages/image_processing/libimage_processing__rosidl_generator_py.so
-- Up-to-date symlink: /home/rudranil/mowito_ws/install/image_processing/local/lib/python3.10/dist-packages/image_processing/srv/__init__.py
-- Up-to-date symlink: /home/rudranil/mowito_ws/install/image_processing/local/lib/python3.10/dist-packages/image_processing/srv/_conversion.py
-- Up-to-date symlink: /home/rudranil/mowito_ws/install/image_processing/local/lib/python3.10/dist-packages/image_processing/srv/_conversion_s.c
-- Up-to-date symlink: /home/rudranil/mowito_ws/install/image_processing/local/lib/python3.10/dist-packages/image_processing/image_processing_s__rosidl_typesupport_fastrtps_c.cpython-310-x86_64-linux-gnu.so
-- Up-to-date symlink: /home/rudranil/mowito_ws/install/image_processing/local/lib/python3.10/dist-packages/image_processing/image_processing_s__rosidl_typesupport_introspection_c.cpython-310-x86_64-linux-gnu.so
-- Up-to-date symlink: /home/rudranil/mowito_ws/install/image_processing/local/lib/python3.10/dist-packages/image_processing/image_processing_s__rosidl_typesupport_c.cpython-310-x86_64-linux-gnu.so
-- Up-to-date symlink: /home/rudranil/mowito_ws/install/image_processing/share/image_processing/srv/Conversion.idl
-- Up-to-date symlink: /home/rudranil/mowito_ws/install/image_processing/share/image_processing/srv/Conversion.srv
-- Up-to-date symlink: /home/rudranil/mowito_ws/install/image_processing/share/image_processing/srv/Conversion_Request.msg
-- Up-to-date symlink: /home/rudranil/mowito_ws/install/image_processing/share/image_processing/srv/Conversion_Response.msg
-- Up-to-date symlink: /home/rudranil/mowito_ws/install/image_processing/share/image_processing//srv/Conversion.srv
-- Up-to-date symlink: /home/rudranil/mowito_ws/install/image_processing/lib/image_processing/image_conversion.py
-- Up-to-date symlink: /home/rudranil/mowito_ws/install/image_processing/share/image_processing/launch/image_processing.launch.py
-- Up-to-date symlink: /home/rudranil/mowito_ws/install/image_processing/share/ament_index/resource_index/package_run_dependencies/image_processing
-- Up-to-date symlink: /home/rudranil/mowito_ws/install/image_processing/share/ament_index/resource_index/parent_prefix_path/image_processing
-- Up-to-date symlink: /home/rudranil/mowito_ws/install/image_processing/share/image_processing/environment/ament_prefix_path.sh
-- Up-to-date symlink: /home/rudranil/mowito_ws/install/image_processing/share/image_processing/environment/ament_prefix_path.dsv
-- Up-to-date symlink: /home/rudranil/mowito_ws/install/image_processing/share/image_processing/environment/path.sh
-- Up-to-date symlink: /home/rudranil/mowito_ws/install/image_processing/share/image_processing/environment/path.dsv
-- Up-to-date symlink: /home/rudranil/mowito_ws/install/image_processing/share/image_processing/local_setup.bash
-- Up-to-date symlink: /home/rudranil/mowito_ws/install/image_processing/share/image_processing/local_setup.sh
-- Up-to-date symlink: /home/rudranil/mowito_ws/install/image_processing/share/image_processing/local_setup.zsh
-- Up-to-date symlink: /home/rudranil/mowito_ws/install/image_processing/share/image_processing/local_setup.dsv
-- Symlinking: /home/rudranil/mowito_ws/install/image_processing/share/image_processing/package.dsv
-- Up-to-date symlink: /home/rudranil/mowito_ws/install/image_processing/share/ament_index/resource_index/packages/image_processing
-- Up-to-date symlink: /home/rudranil/mowito_ws/install/image_processing/share/image_processing/cmake/rosidl_cmake-extras.cmake
-- Up-to-date symlink: /home/rudranil/mowito_ws/install/image_processing/share/image_processing/cmake/ament_cmake_export_include_directories-extras.cmake
-- Up-to-date symlink: /home/rudranil/mowito_ws/install/image_processing/share/image_processing/cmake/ament_cmake_export_libraries-extras.cmake
-- Up-to-date symlink: /home/rudranil/mowito_ws/install/image_processing/share/image_processing/cmake/ament_cmake_export_targets-extras.cmake
-- Up-to-date symlink: /home/rudranil/mowito_ws/install/image_processing/share/image_processing/cmake/rosidl_cmake_export_typesupport_targets-extras.cmake
-- Up-to-date symlink: /home/rudranil/mowito_ws/install/image_processing/share/image_processing/cmake/ament_cmake_export_dependencies-extras.cmake
-- Up-to-date symlink: /home/rudranil/mowito_ws/install/image_processing/share/image_processing/cmake/rosidl_cmake_export_typesupport_libraries-extras.cmake
-- Up-to-date symlink: /home/rudranil/mowito_ws/install/image_processing/share/image_processing/cmake/image_processingConfig.cmake
-- Up-to-date symlink: /home/rudranil/mowito_ws/install/image_processing/share/image_processing/cmake/image_processingConfig-version.cmake
-- Up-to-date symlink: /home/rudranil/mowito_ws/install/image_processing/share/image_processing/package.xml
-- Up-to-date: /home/rudranil/mowito_ws/install/image_processing/lib/libimage_processing__rosidl_generator_c.so
-- Up-to-date: /home/rudranil/mowito_ws/install/image_processing/lib/libimage_processing__rosidl_typesupport_fastrtps_c.so
-- Up-to-date: /home/rudranil/mowito_ws/install/image_processing/lib/libimage_processing__rosidl_typesupport_introspection_c.so
-- Up-to-date: /home/rudranil/mowito_ws/install/image_processing/lib/libimage_processing__rosidl_typesupport_c.so
-- Up-to-date: /home/rudranil/mowito_ws/install/image_processing/lib/libimage_processing__rosidl_typesupport_fastrtps_cpp.so
-- Up-to-date: /home/rudranil/mowito_ws/install/image_processing/lib/libimage_processing__rosidl_typesupport_introspection_cpp.so
-- Up-to-date: /home/rudranil/mowito_ws/install/image_processing/lib/libimage_processing__rosidl_typesupport_cpp.so
Listing '/home/rudranil/mowito_ws/install/image_processing/local/lib/python3.10/dist-packages/image_processing'...
Listing '/home/rudranil/mowito_ws/install/image_processing/local/lib/python3.10/dist-packages/image_processing/srv'...
-- Up-to-date: /home/rudranil/mowito_ws/install/image_processing/lib/libimage_processing__rosidl_generator_py.so
-- Up-to-date: /home/rudranil/mowito_ws/install/image_processing/share/image_processing/cmake/export_image_processing__rosidl_generator_cExport.cmake
-- Up-to-date: /home/rudranil/mowito_ws/install/image_processing/share/image_processing/cmake/export_image_processing__rosidl_generator_cExport-noconfig.cmake
-- Up-to-date: /home/rudranil/mowito_ws/install/image_processing/share/image_processing/cmake/export_image_processing__rosidl_typesupport_fastrtps_cExport.cmake
-- Up-to-date: /home/rudranil/mowito_ws/install/image_processing/share/image_processing/cmake/export_image_processing__rosidl_typesupport_fastrtps_cExport-noconfig.cmake
-- Up-to-date: /home/rudranil/mowito_ws/install/image_processing/share/image_processing/cmake/image_processing__rosidl_typesupport_introspection_cExport.cmake
-- Up-to-date: /home/rudranil/mowito_ws/install/image_processing/share/image_processing/cmake/image_processing__rosidl_typesupport_introspection_cExport-noconfig.cmake
-- Up-to-date: /home/rudranil/mowito_ws/install/image_processing/share/image_processing/cmake/image_processing__rosidl_typesupport_cExport.cmake
-- Up-to-date: /home/rudranil/mowito_ws/install/image_processing/share/image_processing/cmake/image_processing__rosidl_typesupport_cExport-noconfig.cmake
-- Up-to-date: /home/rudranil/mowito_ws/install/image_processing/share/image_processing/cmake/export_image_processing__rosidl_generator_cppExport.cmake
-- Up-to-date: /home/rudranil/mowito_ws/install/image_processing/share/image_processing/cmake/export_image_processing__rosidl_typesupport_fastrtps_cppExport.cmake
-- Up-to-date: /home/rudranil/mowito_ws/install/image_processing/share/image_processing/cmake/export_image_processing__rosidl_typesupport_fastrtps_cppExport-noconfig.cmake
-- Up-to-date: /home/rudranil/mowito_ws/install/image_processing/share/image_processing/cmake/image_processing__rosidl_typesupport_introspection_cppExport.cmake
-- Up-to-date: /home/rudranil/mowito_ws/install/image_processing/share/image_processing/cmake/image_processing__rosidl_typesupport_introspection_cppExport-noconfig.cmake
-- Up-to-date: /home/rudranil/mowito_ws/install/image_processing/share/image_processing/cmake/image_processing__rosidl_typesupport_cppExport.cmake
-- Up-to-date: /home/rudranil/mowito_ws/install/image_processing/share/image_processing/cmake/image_processing__rosidl_typesupport_cppExport-noconfig.cmake
-- Up-to-date: /home/rudranil/mowito_ws/install/image_processing/share/image_processing/cmake/export_image_processing__rosidl_generator_pyExport.cmake
-- Up-to-date: /home/rudranil/mowito_ws/install/image_processing/share/image_processing/cmake/export_image_processing__rosidl_generator_pyExport-noconfig.cmake
